\BOOKMARK [0][-]{chapter*.1}{\376\377\000C\000o\000n\000t\000e\000n\000t\000s}{}% 1
\BOOKMARK [0][-]{chapter*.2}{\376\377\000L\000i\000s\000t\000\040\000o\000f\000\040\000F\000i\000g\000u\000r\000e\000s}{}% 2
\BOOKMARK [0][-]{chapter*.3}{\376\377\000L\000i\000s\000t\000\040\000o\000f\000\040\000T\000a\000b\000l\000e\000s}{}% 3
\BOOKMARK [0][-]{chapter.1}{\376\377\000A\000b\000s\000t\000r\000a\000c\000t}{}% 4
\BOOKMARK [0][-]{chapter.2}{\376\377\000I\000n\000t\000r\000o\000d\000u\000c\000t\000i\000o\000n}{}% 5
\BOOKMARK [0][-]{chapter.3}{\376\377\000M\000e\000t\000h\000o\000d\000o\000l\000o\000g\000y}{}% 6
\BOOKMARK [1][-]{section.3.1}{\376\377\000R\000e\000c\000r\000u\000i\000t\000m\000e\000n\000t\000\040\000o\000f\000\040\000V\000o\000l\000u\000n\000t\000e\000e\000r\000s}{chapter.3}% 7
\BOOKMARK [1][-]{section.3.2}{\376\377\000D\000a\000t\000a\000\040\000C\000o\000l\000l\000e\000c\000t\000i\000o\000n}{chapter.3}% 8
\BOOKMARK [2][-]{subsection.3.2.1}{\376\377\000D\000a\000t\000a\000\040\000C\000o\000l\000l\000e\000c\000t\000i\000o\000n\000\040\000P\000r\000o\000c\000e\000d\000u\000r\000e}{section.3.2}% 9
\BOOKMARK [1][-]{section.3.3}{\376\377\000S\000o\000f\000t\000w\000a\000r\000e\000\040\000D\000e\000v\000e\000l\000o\000p\000m\000e\000n\000t}{chapter.3}% 10
\BOOKMARK [1][-]{section.3.4}{\376\377\000M\000e\000e\000t\000i\000n\000g\000s}{chapter.3}% 11
\BOOKMARK [2][-]{subsection.3.4.1}{\376\377\000S\000u\000p\000e\000r\000v\000i\000s\000o\000r\000\040\000M\000e\000e\000t\000i\000n\000g\000s}{section.3.4}% 12
\BOOKMARK [2][-]{subsection.3.4.2}{\376\377\000C\000l\000i\000e\000n\000t\000\040\000M\000e\000e\000t\000i\000n\000g\000s}{section.3.4}% 13
\BOOKMARK [1][-]{section.3.5}{\376\377\000D\000e\000v\000e\000l\000o\000p\000m\000e\000n\000t\000\040\000T\000o\000o\000l\000s}{chapter.3}% 14
\BOOKMARK [2][-]{subsection.3.5.1}{\376\377\000P\000o\000s\000t\000m\000a\000n}{section.3.5}% 15
\BOOKMARK [2][-]{subsection.3.5.2}{\376\377\000V\000i\000s\000u\000a\000l\000\040\000S\000t\000u\000d\000i\000o\000\040\000C\000o\000d\000e}{section.3.5}% 16
\BOOKMARK [2][-]{subsection.3.5.3}{\376\377\000T\000e\000a\000m\000s}{section.3.5}% 17
\BOOKMARK [2][-]{subsection.3.5.4}{\376\377\000D\000r\000a\000w\000.\000i\000o}{section.3.5}% 18
\BOOKMARK [1][-]{section.3.6}{\376\377\000V\000e\000r\000s\000i\000o\000n\000\040\000C\000o\000n\000t\000r\000o\000l}{chapter.3}% 19
\BOOKMARK [0][-]{chapter.4}{\376\377\000T\000e\000c\000h\000n\000o\000l\000o\000g\000y\000\040\000R\000e\000v\000i\000e\000w}{}% 20
\BOOKMARK [1][-]{section.4.1}{\376\377\000E\000x\000e\000c\000u\000t\000i\000v\000e\000\040\000D\000a\000s\000h\000b\000o\000a\000r\000d}{chapter.4}% 21
\BOOKMARK [2][-]{subsection.4.1.1}{\376\377\000A\000n\000g\000u\000l\000a\000r}{section.4.1}% 22
\BOOKMARK [2][-]{subsection.4.1.2}{\376\377\000A\000n\000g\000u\000l\000a\000r\000\040\000a\000r\000c\000h\000i\000t\000e\000c\000t\000u\000r\000e}{section.4.1}% 23
\BOOKMARK [2][-]{subsection.4.1.3}{\376\377\000A\000d\000v\000a\000n\000t\000a\000g\000e\000s\000\040\000o\000f\000\040\000u\000s\000i\000n\000g\000\040\000A\000n\000g\000u\000l\000a\000r}{section.4.1}% 24
\BOOKMARK [1][-]{section.4.2}{\376\377\000D\000a\000t\000a\000\040\000V\000i\000s\000u\000a\000l\000i\000z\000a\000t\000i\000o\000n}{chapter.4}% 25
\BOOKMARK [2][-]{subsection.4.2.1}{\376\377\000C\000h\000a\000r\000t\000.\000j\000s}{section.4.2}% 26
\BOOKMARK [1][-]{section.4.3}{\376\377\000A\000I\000\040\000m\000o\000d\000u\000l\000e\000\040\000-\000\040\000D\000a\000t\000a\000\040\000a\000n\000a\000l\000y\000s\000i\000s}{chapter.4}% 27
\BOOKMARK [2][-]{subsection.4.3.1}{\376\377\000S\000c\000i\000k\000i\000t\000-\000l\000e\000a\000r\000n}{section.4.3}% 28
\BOOKMARK [2][-]{subsection.4.3.2}{\376\377\000T\000e\000n\000s\000o\000r\000F\000l\000o\000w}{section.4.3}% 29
\BOOKMARK [1][-]{section.4.4}{\376\377\000B\000a\000c\000k\000e\000n\000d\000\040\000T\000e\000c\000h\000n\000o\000l\000o\000g\000i\000e\000s}{chapter.4}% 30
\BOOKMARK [2][-]{subsection.4.4.1}{\376\377\000N\000o\000d\000e\000\040\000J\000S}{section.4.4}% 31
\BOOKMARK [2][-]{subsection.4.4.2}{\376\377\000P\000M\0002}{section.4.4}% 32
\BOOKMARK [2][-]{subsection.4.4.3}{\376\377\000D\000o\000c\000k\000e\000r}{section.4.4}% 33
\BOOKMARK [2][-]{subsection.4.4.4}{\376\377\000N\000G\000I\000N\000X}{section.4.4}% 34
\BOOKMARK [2][-]{subsection.4.4.5}{\376\377\000M\000y\000S\000Q\000L}{section.4.4}% 35
\BOOKMARK [2][-]{subsection.4.4.6}{\376\377\000E\000x\000p\000r\000e\000s\000s\000\040\000J\000S}{section.4.4}% 36
\BOOKMARK [1][-]{section.4.5}{\376\377\000T\000e\000s\000t\000i\000n\000g\000\040\000T\000e\000c\000h\000n\000o\000l\000o\000g\000i\000e\000s}{chapter.4}% 37
\BOOKMARK [2][-]{subsection.4.5.1}{\376\377\000M\000o\000c\000h\000a\000J\000S}{section.4.5}% 38
\BOOKMARK [1][-]{section.4.6}{\376\377\000D\000i\000f\000f\000i\000c\000u\000l\000t\000i\000e\000s}{chapter.4}% 39
\BOOKMARK [2][-]{subsection.4.6.1}{\376\377\000E\000m\000b\000e\000d\000d\000e\000d\000\040\000J\000a\000v\000a\000S\000c\000r\000i\000p\000t\000\040\000\050\000E\000J\000S\000\051}{section.4.6}% 40
\BOOKMARK [1][-]{section.4.7}{\376\377\000S\000e\000c\000u\000r\000i\000t\000y}{chapter.4}% 41
\BOOKMARK [2][-]{subsection.4.7.1}{\376\377\000J\000S\000O\000N\000\040\000W\000e\000b\000\040\000T\000o\000k\000e\000n\000s\000\040\000-\000\040\000J\000W\000T}{section.4.7}% 42
\BOOKMARK [0][-]{chapter.5}{\376\377\000S\000y\000s\000t\000e\000m\000\040\000D\000e\000s\000i\000g\000n}{}% 43
\BOOKMARK [0][-]{chapter.6}{\376\377\000S\000y\000s\000t\000e\000m\000\040\000E\000v\000a\000l\000u\000a\000t\000i\000o\000n}{}% 44
\BOOKMARK [1][-]{section.6.1}{\376\377\000W\000o\000r\000k\000i\000n\000g\000\040\000w\000i\000t\000h\000\040\000T\000a\000b\000l\000e\000s}{chapter.6}% 45
\BOOKMARK [0][-]{chapter.7}{\376\377\000C\000o\000n\000c\000l\000u\000s\000i\000o\000n}{}% 46
\BOOKMARK [0][-]{section*.29}{\376\377\000A\000p\000p\000e\000n\000d\000i\000x}{}% 47
\BOOKMARK [0][-]{chapter*.31}{\376\377\000B\000i\000b\000l\000i\000o\000g\000r\000a\000p\000h\000y}{}% 48
