This is pdfTeX, Version 3.141592653-2.6-1.40.25 (MiKTeX 23.10) (preloaded format=pdflatex 2023.11.13)  16 APR 2024 22:24
entering extended mode
 restricted \write18 enabled.
 file:line:error style messages enabled.
 %&-line parsing enabled.
**c:/Users/rodri/repos/dissertation/index.tex
(c:/Users/rodri/repos/dissertation/index.tex
LaTeX2e <2023-06-01> patch level 1
L3 programming layer <2023-08-29>
(C:\Users\rodri\AppData\Local\Programs\MiKTeX\tex/latex/base\book.cls
Document Class: book 2023/05/17 v1.4n Standard LaTeX document class
(C:\Users\rodri\AppData\Local\Programs\MiKTeX\tex/latex/base\bk12.clo
File: bk12.clo 2023/05/17 v1.4n Standard LaTeX file (size option)
)
\c@part=\count185
\c@chapter=\count186
\c@section=\count187
\c@subsection=\count188
\c@subsubsection=\count189
\c@paragraph=\count190
\c@subparagraph=\count191
\c@figure=\count192
\c@table=\count193
\abovecaptionskip=\skip48
\belowcaptionskip=\skip49
\bibindent=\dimen140
) (C:\Users\rodri\AppData\Local\Programs\MiKTeX\tex/latex/datetime\datetime.sty
Package: datetime 2015/03/20 v2.60 Date Time Package
 (C:\Users\rodri\AppData\Local\Programs\MiKTeX\tex/latex/etoolbox\etoolbox.sty
Package: etoolbox 2020/10/05 v2.5k e-TeX tools for LaTeX (JAW)
\etb@tempcnta=\count194
) (C:\Users\rodri\AppData\Local\Programs\MiKTeX\tex/latex/fmtcount\fmtcount.sty
Package: fmtcount 2020/01/30 v3.07
 (C:\Users\rodri\AppData\Local\Programs\MiKTeX\tex/latex/base\ifthen.sty
Package: ifthen 2022/04/13 v1.1d Standard LaTeX ifthen package (DPC)
) (C:\Users\rodri\AppData\Local\Programs\MiKTeX\tex/latex/xkeyval\xkeyval.sty
Package: xkeyval 2022/06/16 v2.9 package option processing (HA)
 (C:\Users\rodri\AppData\Local\Programs\MiKTeX\tex/generic/xkeyval\xkeyval.tex (C:\Users\rodri\AppData\Local\Programs\MiKTeX\tex/generic/xkeyval\xkvutils.tex
\XKV@toks=\toks17
\XKV@tempa@toks=\toks18
 (C:\Users\rodri\AppData\Local\Programs\MiKTeX\tex/generic/xkeyval\keyval.tex))
\XKV@depth=\count195
File: xkeyval.tex 2014/12/03 v2.7a key=value parser (HA)
)) (C:\Users\rodri\AppData\Local\Programs\MiKTeX\tex/latex/fmtcount\fcprefix.sty
Package: fcprefix 2012/09/28
 (C:\Users\rodri\AppData\Local\Programs\MiKTeX\tex/latex/fmtcount\fcnumparser.sty
Package: fcnumparser 2017/06/15
\fc@digit@counter=\count196
)) (C:\Users\rodri\AppData\Local\Programs\MiKTeX\tex/latex/amsmath\amsgen.sty
File: amsgen.sty 1999/11/30 v2.0 generic functions
\@emptytoks=\toks19
\ex@=\dimen141
)
\c@padzeroesN=\count197
\fc@tmpcatcode=\count198
 (C:\Users\rodri\AppData\Local\Programs\MiKTeX\tex/latex/fmtcount\fc-english.def
File: fc-english.def 2016/01/12
)
\@DT@modctr=\count199
\@ordinalctr=\count266
\@orgargctr=\count267
\@strctr=\count268
\@tmpstrctr=\count269
\@DT@loopN=\count270
\@DT@X=\count271
) (C:\Users\rodri\AppData\Local\Programs\MiKTeX\tex/latex/datetime\datetime-defaults.sty
Package: datetime-defaults 2013/09/10
)
\@day=\count272
\@month=\count273
\@year=\count274
\c@HOUR=\count275
\c@HOURXII=\count276
\c@MINUTE=\count277
\c@TOHOUR=\count278
\c@TOMINUTE=\count279
\c@SECOND=\count280
\currenthour=\count281
\currentminute=\count282
\currentsecond=\count283
Package datetime Info: No datetime.cfg file found, using default settings on input line 308.
\@dtctr=\count284
\dayofyear=\count285
\dayofweek=\count286
LaTeX Info: Redefining \today on input line 736.
\dt@a=\toks20
\dt@b=\toks21
) (C:\Users\rodri\AppData\Local\Programs\MiKTeX\tex/latex/tools\tabularx.sty
Package: tabularx 2020/01/15 v2.11c `tabularx' package (DPC)
 (C:\Users\rodri\AppData\Local\Programs\MiKTeX\tex/latex/tools\array.sty
Package: array 2022/09/04 v2.5g Tabular extension package (FMi)
\col@sep=\dimen142
\ar@mcellbox=\box51
\extrarowheight=\dimen143
\NC@list=\toks22
\extratabsurround=\skip50
\backup@length=\skip51
\ar@cellbox=\box52
)
\TX@col@width=\dimen144
\TX@old@table=\dimen145
\TX@old@col=\dimen146
\TX@target=\dimen147
\TX@delta=\dimen148
\TX@cols=\count287
\TX@ftn=\toks23
) (C:\Users\rodri\AppData\Local\Programs\MiKTeX\tex/latex/makecell\makecell.sty
Package: makecell 2009/08/03 V0.1e Managing of Tab Column Heads and Cells
\rotheadsize=\dimen149
\c@nlinenum=\count288
\TeXr@lab=\toks24
) (C:\Users\rodri\AppData\Local\Programs\MiKTeX\tex/latex/eurosym\eurosym.sty
Package: eurosym 1998/08/06 v1.1 European currency symbol ``Euro''
\@eurobox=\box53
) (C:\Users\rodri\AppData\Local\Programs\MiKTeX\tex/latex/pbox\pbox.sty
Package: pbox 2011/12/07 v1.2 Dynamic parboxes
 (C:\Users\rodri\AppData\Local\Programs\MiKTeX\tex/latex/tools\calc.sty
Package: calc 2017/05/25 v4.3 Infix arithmetic (KKT,FJ)
\calc@Acount=\count289
\calc@Bcount=\count290
\calc@Adimen=\dimen150
\calc@Bdimen=\dimen151
\calc@Askip=\skip52
\calc@Bskip=\skip53
LaTeX Info: Redefining \setlength on input line 80.
LaTeX Info: Redefining \addtolength on input line 81.
\calc@Ccount=\count291
\calc@Cskip=\skip54
)
\pb@xlen=\skip55
) (C:\Users\rodri\AppData\Local\Programs\MiKTeX\tex/latex/base\inputenc.sty
Package: inputenc 2021/02/14 v1.3d Input encoding file
\inpenc@prehook=\toks25
\inpenc@posthook=\toks26
) (C:\Users\rodri\AppData\Local\Programs\MiKTeX\tex/latex/base\fontenc.sty
Package: fontenc 2021/04/29 v2.0v Standard LaTeX package
) (C:\Users\rodri\AppData\Local\Programs\MiKTeX\tex/generic/babel\babel.sty
Package: babel 2023/09/29 v3.95 The Babel package
\babel@savecnt=\count292
\U@D=\dimen152
\l@unhyphenated=\language79
 (C:\Users\rodri\AppData\Local\Programs\MiKTeX\tex/generic/babel\txtbabel.def)
\bbl@readstream=\read2
\bbl@dirlevel=\count293

*************************************
* Local config file bblopts.cfg used
*
(C:\Users\rodri\AppData\Local\Programs\MiKTeX\tex/latex/arabi\bblopts.cfg
File: bblopts.cfg 2005/09/08 v0.1 add Arabic and Farsi to "declared" options of babel
) (C:\Users\rodri\AppData\Local\Programs\MiKTeX\tex/latex/babel-english\english.ldf
Language: english 2017/06/06 v3.3r English support from the babel system
Package babel Info: Hyphen rules for 'canadian' set to \l@english
(babel)             (\language0). Reported on input line 102.
Package babel Info: Hyphen rules for 'australian' set to \l@ukenglish
(babel)             (\language73). Reported on input line 105.
Package babel Info: Hyphen rules for 'newzealand' set to \l@ukenglish
(babel)             (\language73). Reported on input line 108.
)) (C:\Users\rodri\AppData\Local\Programs\MiKTeX\tex/generic/babel/locale/en\babel-english.tex
Package babel Info: Importing font and identification data for english
(babel)             from babel-en.ini. Reported on input line 11.
) (C:\Users\rodri\AppData\Local\Programs\MiKTeX\tex/latex/amsmath\amsmath.sty
Package: amsmath 2023/05/13 v2.17o AMS math features
\@mathmargin=\skip56

For additional information on amsmath, use the `?' option.
(C:\Users\rodri\AppData\Local\Programs\MiKTeX\tex/latex/amsmath\amstext.sty
Package: amstext 2021/08/26 v2.01 AMS text
) (C:\Users\rodri\AppData\Local\Programs\MiKTeX\tex/latex/amsmath\amsbsy.sty
Package: amsbsy 1999/11/29 v1.2d Bold Symbols
\pmbraise@=\dimen153
) (C:\Users\rodri\AppData\Local\Programs\MiKTeX\tex/latex/amsmath\amsopn.sty
Package: amsopn 2022/04/08 v2.04 operator names
)
\inf@bad=\count294
LaTeX Info: Redefining \frac on input line 234.
\uproot@=\count295
\leftroot@=\count296
LaTeX Info: Redefining \overline on input line 399.
LaTeX Info: Redefining \colon on input line 410.
\classnum@=\count297
\DOTSCASE@=\count298
LaTeX Info: Redefining \ldots on input line 496.
LaTeX Info: Redefining \dots on input line 499.
LaTeX Info: Redefining \cdots on input line 620.
\Mathstrutbox@=\box54
\strutbox@=\box55
LaTeX Info: Redefining \big on input line 722.
LaTeX Info: Redefining \Big on input line 723.
LaTeX Info: Redefining \bigg on input line 724.
LaTeX Info: Redefining \Bigg on input line 725.
\big@size=\dimen154
LaTeX Font Info:    Redeclaring font encoding OML on input line 743.
LaTeX Font Info:    Redeclaring font encoding OMS on input line 744.
\macc@depth=\count299
LaTeX Info: Redefining \bmod on input line 905.
LaTeX Info: Redefining \pmod on input line 910.
LaTeX Info: Redefining \smash on input line 940.
LaTeX Info: Redefining \relbar on input line 970.
LaTeX Info: Redefining \Relbar on input line 971.
\c@MaxMatrixCols=\count300
\dotsspace@=\muskip16
\c@parentequation=\count301
\dspbrk@lvl=\count302
\tag@help=\toks27
\row@=\count303
\column@=\count304
\maxfields@=\count305
\andhelp@=\toks28
\eqnshift@=\dimen155
\alignsep@=\dimen156
\tagshift@=\dimen157
\tagwidth@=\dimen158
\totwidth@=\dimen159
\lineht@=\dimen160
\@envbody=\toks29
\multlinegap=\skip57
\multlinetaggap=\skip58
\mathdisplay@stack=\toks30
LaTeX Info: Redefining \[ on input line 2953.
LaTeX Info: Redefining \] on input line 2954.
) (C:\Users\rodri\AppData\Local\Programs\MiKTeX\tex/latex/amsfonts\amsfonts.sty
Package: amsfonts 2013/01/14 v3.01 Basic AMSFonts support
\symAMSa=\mathgroup4
\symAMSb=\mathgroup5
LaTeX Font Info:    Redeclaring math symbol \hbar on input line 98.
LaTeX Font Info:    Overwriting math alphabet `\mathfrak' in version `bold'
(Font)                  U/euf/m/n --> U/euf/b/n on input line 106.
) (C:\Users\rodri\AppData\Local\Programs\MiKTeX\tex/latex/fancyhdr\fancyhdr.sty
Package: fancyhdr 2022/11/09 v4.1 Extensive control of page headers and footers
\f@nch@headwidth=\skip59
\f@nch@O@elh=\skip60
\f@nch@O@erh=\skip61
\f@nch@O@olh=\skip62
\f@nch@O@orh=\skip63
\f@nch@O@elf=\skip64
\f@nch@O@erf=\skip65
\f@nch@O@olf=\skip66
\f@nch@O@orf=\skip67
) (C:\Users\rodri\AppData\Local\Programs\MiKTeX\tex/latex/amsfonts\amssymb.sty
Package: amssymb 2013/01/14 v3.01 AMS font symbols
) (C:\Users\rodri\AppData\Local\Programs\MiKTeX\tex/latex/xcolor\xcolor.sty
Package: xcolor 2022/06/12 v2.14 LaTeX color extensions (UK)
 (C:\Users\rodri\AppData\Local\Programs\MiKTeX\tex/latex/graphics-cfg\color.cfg
File: color.cfg 2016/01/02 v1.6 sample color configuration
)
Package xcolor Info: Driver file: pdftex.def on input line 227.
 (C:\Users\rodri\AppData\Local\Programs\MiKTeX\tex/latex/graphics-def\pdftex.def
File: pdftex.def 2022/09/22 v1.2b Graphics/color driver for pdftex
) (C:\Users\rodri\AppData\Local\Programs\MiKTeX\tex/latex/graphics\mathcolor.ltx)
Package xcolor Info: Model `cmy' substituted by `cmy0' on input line 1353.
Package xcolor Info: Model `hsb' substituted by `rgb' on input line 1357.
Package xcolor Info: Model `RGB' extended on input line 1369.
Package xcolor Info: Model `HTML' substituted by `rgb' on input line 1371.
Package xcolor Info: Model `Hsb' substituted by `hsb' on input line 1372.
Package xcolor Info: Model `tHsb' substituted by `hsb' on input line 1373.
Package xcolor Info: Model `HSB' substituted by `hsb' on input line 1374.
Package xcolor Info: Model `Gray' substituted by `gray' on input line 1375.
Package xcolor Info: Model `wave' substituted by `hsb' on input line 1376.
 (C:\Users\rodri\AppData\Local\Programs\MiKTeX\tex/latex/graphics\dvipsnam.def
File: dvipsnam.def 2016/06/17 v3.0m Driver-dependent file (DPC,SPQR)
)) (C:\Users\rodri\AppData\Local\Programs\MiKTeX\tex/latex/mdframed\mdframed.sty
Package: mdframed 2013/07/01 1.9b: mdframed
 (C:\Users\rodri\AppData\Local\Programs\MiKTeX\tex/latex/kvoptions\kvoptions.sty
Package: kvoptions 2022-06-15 v3.15 Key value format for package options (HO)
 (C:\Users\rodri\AppData\Local\Programs\MiKTeX\tex/generic/ltxcmds\ltxcmds.sty
Package: ltxcmds 2020-05-10 v1.25 LaTeX kernel commands for general use (HO)
) (C:\Users\rodri\AppData\Local\Programs\MiKTeX\tex/latex/kvsetkeys\kvsetkeys.sty
Package: kvsetkeys 2022-10-05 v1.19 Key value parser (HO)
)) (C:\Users\rodri\AppData\Local\Programs\MiKTeX\tex/latex/l3packages/xparse\xparse.sty (C:\Users\rodri\AppData\Local\Programs\MiKTeX\tex/latex/l3kernel\expl3.sty
Package: expl3 2023-08-29 L3 programming layer (loader) 
 (C:\Users\rodri\AppData\Local\Programs\MiKTeX\tex/latex/l3backend\l3backend-pdftex.def
File: l3backend-pdftex.def 2023-04-19 L3 backend support: PDF output (pdfTeX)
\l__color_backend_stack_int=\count306
\l__pdf_internal_box=\box56
))
Package: xparse 2023-08-29 L3 Experimental document command parser
) (C:\Users\rodri\AppData\Local\Programs\MiKTeX\tex/latex/zref\zref-abspage.sty
Package: zref-abspage 2023-09-14 v2.35 Module abspage for zref (HO)
 (C:\Users\rodri\AppData\Local\Programs\MiKTeX\tex/latex/zref\zref-base.sty
Package: zref-base 2023-09-14 v2.35 Module base for zref (HO)
 (C:\Users\rodri\AppData\Local\Programs\MiKTeX\tex/generic/infwarerr\infwarerr.sty
Package: infwarerr 2019/12/03 v1.5 Providing info/warning/error messages (HO)
) (C:\Users\rodri\AppData\Local\Programs\MiKTeX\tex/generic/kvdefinekeys\kvdefinekeys.sty
Package: kvdefinekeys 2019-12-19 v1.6 Define keys (HO)
) (C:\Users\rodri\AppData\Local\Programs\MiKTeX\tex/generic/pdftexcmds\pdftexcmds.sty
Package: pdftexcmds 2020-06-27 v0.33 Utility functions of pdfTeX for LuaTeX (HO)
 (C:\Users\rodri\AppData\Local\Programs\MiKTeX\tex/generic/iftex\iftex.sty
Package: iftex 2022/02/03 v1.0f TeX engine tests
)
Package pdftexcmds Info: \pdf@primitive is available.
Package pdftexcmds Info: \pdf@ifprimitive is available.
Package pdftexcmds Info: \pdfdraftmode found.
) (C:\Users\rodri\AppData\Local\Programs\MiKTeX\tex/generic/etexcmds\etexcmds.sty
Package: etexcmds 2019/12/15 v1.7 Avoid name clashes with e-TeX commands (HO)
) (C:\Users\rodri\AppData\Local\Programs\MiKTeX\tex/latex/auxhook\auxhook.sty
Package: auxhook 2019-12-17 v1.6 Hooks for auxiliary files (HO)
)
Package zref Info: New property list: main on input line 767.
Package zref Info: New property: default on input line 768.
Package zref Info: New property: page on input line 769.
)
\c@abspage=\count307
Package zref Info: New property: abspage on input line 67.
) (C:\Users\rodri\AppData\Local\Programs\MiKTeX\tex/latex/needspace\needspace.sty
Package: needspace 2010/09/12 v1.3d reserve vertical space
)
\mdf@templength=\skip68
\c@mdf@globalstyle@cnt=\count308
\mdf@skipabove@length=\skip69
\mdf@skipbelow@length=\skip70
\mdf@leftmargin@length=\skip71
\mdf@rightmargin@length=\skip72
\mdf@innerleftmargin@length=\skip73
\mdf@innerrightmargin@length=\skip74
\mdf@innertopmargin@length=\skip75
\mdf@innerbottommargin@length=\skip76
\mdf@splittopskip@length=\skip77
\mdf@splitbottomskip@length=\skip78
\mdf@outermargin@length=\skip79
\mdf@innermargin@length=\skip80
\mdf@linewidth@length=\skip81
\mdf@innerlinewidth@length=\skip82
\mdf@middlelinewidth@length=\skip83
\mdf@outerlinewidth@length=\skip84
\mdf@roundcorner@length=\skip85
\mdf@footenotedistance@length=\skip86
\mdf@userdefinedwidth@length=\skip87
\mdf@needspace@length=\skip88
\mdf@frametitleaboveskip@length=\skip89
\mdf@frametitlebelowskip@length=\skip90
\mdf@frametitlerulewidth@length=\skip91
\mdf@frametitleleftmargin@length=\skip92
\mdf@frametitlerightmargin@length=\skip93
\mdf@shadowsize@length=\skip94
\mdf@extratopheight@length=\skip95
\mdf@subtitleabovelinewidth@length=\skip96
\mdf@subtitlebelowlinewidth@length=\skip97
\mdf@subtitleaboveskip@length=\skip98
\mdf@subtitlebelowskip@length=\skip99
\mdf@subtitleinneraboveskip@length=\skip100
\mdf@subtitleinnerbelowskip@length=\skip101
\mdf@subsubtitleabovelinewidth@length=\skip102
\mdf@subsubtitlebelowlinewidth@length=\skip103
\mdf@subsubtitleaboveskip@length=\skip104
\mdf@subsubtitlebelowskip@length=\skip105
\mdf@subsubtitleinneraboveskip@length=\skip106
\mdf@subsubtitleinnerbelowskip@length=\skip107
 (C:\Users\rodri\AppData\Local\Programs\MiKTeX\tex/latex/mdframed\md-frame-0.mdf
File: md-frame-0.mdf 2013/07/01\ 1.9b: md-frame-0
)
\mdf@frametitlebox=\box57
\mdf@footnotebox=\box58
\mdf@splitbox@one=\box59
\mdf@splitbox@two=\box60
\mdf@splitbox@save=\box61
\mdfsplitboxwidth=\skip108
\mdfsplitboxtotalwidth=\skip109
\mdfsplitboxheight=\skip110
\mdfsplitboxdepth=\skip111
\mdfsplitboxtotalheight=\skip112
\mdfframetitleboxwidth=\skip113
\mdfframetitleboxtotalwidth=\skip114
\mdfframetitleboxheight=\skip115
\mdfframetitleboxdepth=\skip116
\mdfframetitleboxtotalheight=\skip117
\mdffootnoteboxwidth=\skip118
\mdffootnoteboxtotalwidth=\skip119
\mdffootnoteboxheight=\skip120
\mdffootnoteboxdepth=\skip121
\mdffootnoteboxtotalheight=\skip122
\mdftotallinewidth=\skip123
\mdfboundingboxwidth=\skip124
\mdfboundingboxtotalwidth=\skip125
\mdfboundingboxheight=\skip126
\mdfboundingboxdepth=\skip127
\mdfboundingboxtotalheight=\skip128
\mdf@freevspace@length=\skip129
\mdf@horizontalwidthofbox@length=\skip130
\mdf@verticalmarginwhole@length=\skip131
\mdf@horizontalspaceofbox=\skip132
\mdfsubtitleheight=\skip133
\mdfsubsubtitleheight=\skip134
\c@mdfcountframes=\count309

****** mdframed patching \endmdf@trivlist

****** -- success******

\mdf@envdepth=\count310
\c@mdf@env@i=\count311
\c@mdf@env@ii=\count312
\c@mdf@zref@counter=\count313
Package zref Info: New property: mdf@pagevalue on input line 895.
) (C:\Users\rodri\AppData\Local\Programs\MiKTeX\tex/latex/multirow\multirow.sty
Package: multirow 2021/03/15 v2.8 Span multiple rows of a table
\multirow@colwidth=\skip135
\multirow@cntb=\count314
\multirow@dima=\skip136
\bigstrutjot=\dimen161
) (C:\Users\rodri\AppData\Local\Programs\MiKTeX\tex/latex/tools\multicol.sty
Package: multicol 2023/03/30 v1.9f multicolumn formatting (FMi)
\c@tracingmulticols=\count315
\mult@box=\box62
\multicol@leftmargin=\dimen162
\c@unbalance=\count316
\c@collectmore=\count317
\doublecol@number=\count318
\multicoltolerance=\count319
\multicolpretolerance=\count320
\full@width=\dimen163
\page@free=\dimen164
\premulticols=\dimen165
\postmulticols=\dimen166
\multicolsep=\skip137
\multicolbaselineskip=\skip138
\partial@page=\box63
\last@line=\box64
\mc@boxedresult=\box65
\maxbalancingoverflow=\dimen167
\mult@rightbox=\box66
\mult@grightbox=\box67
\mult@firstbox=\box68
\mult@gfirstbox=\box69
\@tempa=\box70
\@tempa=\box71
\@tempa=\box72
\@tempa=\box73
\@tempa=\box74
\@tempa=\box75
\@tempa=\box76
\@tempa=\box77
\@tempa=\box78
\@tempa=\box79
\@tempa=\box80
\@tempa=\box81
\@tempa=\box82
\@tempa=\box83
\@tempa=\box84
\@tempa=\box85
\@tempa=\box86
\@tempa=\box87
\@tempa=\box88
\@tempa=\box89
\@tempa=\box90
\@tempa=\box91
\@tempa=\box92
\@tempa=\box93
\@tempa=\box94
\@tempa=\box95
\@tempa=\box96
\@tempa=\box97
\@tempa=\box98
\@tempa=\box99
\@tempa=\box100
\@tempa=\box101
\@tempa=\box102
\@tempa=\box103
\@tempa=\box104
\@tempa=\box105
\c@minrows=\count321
\c@columnbadness=\count322
\c@finalcolumnbadness=\count323
\last@try=\dimen168
\multicolovershoot=\dimen169
\multicolundershoot=\dimen170
\mult@nat@firstbox=\box106
\colbreak@box=\box107
\mc@col@check@num=\count324
) (C:\Users\rodri\AppData\Local\Programs\MiKTeX\tex/latex/pgf/frontendlayer\tikz.sty (C:\Users\rodri\AppData\Local\Programs\MiKTeX\tex/latex/pgf/basiclayer\pgf.sty (C:\Users\rodri\AppData\Local\Programs\MiKTeX\tex/latex/pgf/utilities\pgfrcs.sty (C:\Users\rodri\AppData\Local\Programs\MiKTeX\tex/generic/pgf/utilities\pgfutil-common.tex
\pgfutil@everybye=\toks31
\pgfutil@tempdima=\dimen171
\pgfutil@tempdimb=\dimen172
) (C:\Users\rodri\AppData\Local\Programs\MiKTeX\tex/generic/pgf/utilities\pgfutil-latex.def
\pgfutil@abb=\box108
) (C:\Users\rodri\AppData\Local\Programs\MiKTeX\tex/generic/pgf/utilities\pgfrcs.code.tex (C:\Users\rodri\AppData\Local\Programs\MiKTeX\tex/generic/pgf\pgf.revision.tex)
Package: pgfrcs 2023-01-15 v3.1.10 (3.1.10)
))
Package: pgf 2023-01-15 v3.1.10 (3.1.10)
 (C:\Users\rodri\AppData\Local\Programs\MiKTeX\tex/latex/pgf/basiclayer\pgfcore.sty (C:\Users\rodri\AppData\Local\Programs\MiKTeX\tex/latex/graphics\graphicx.sty
Package: graphicx 2021/09/16 v1.2d Enhanced LaTeX Graphics (DPC,SPQR)
 (C:\Users\rodri\AppData\Local\Programs\MiKTeX\tex/latex/graphics\graphics.sty
Package: graphics 2022/03/10 v1.4e Standard LaTeX Graphics (DPC,SPQR)
 (C:\Users\rodri\AppData\Local\Programs\MiKTeX\tex/latex/graphics\trig.sty
Package: trig 2021/08/11 v1.11 sin cos tan (DPC)
) (C:\Users\rodri\AppData\Local\Programs\MiKTeX\tex/latex/graphics-cfg\graphics.cfg
File: graphics.cfg 2016/06/04 v1.11 sample graphics configuration
)
Package graphics Info: Driver file: pdftex.def on input line 107.
)
\Gin@req@height=\dimen173
\Gin@req@width=\dimen174
) (C:\Users\rodri\AppData\Local\Programs\MiKTeX\tex/latex/pgf/systemlayer\pgfsys.sty (C:\Users\rodri\AppData\Local\Programs\MiKTeX\tex/generic/pgf/systemlayer\pgfsys.code.tex
Package: pgfsys 2023-01-15 v3.1.10 (3.1.10)
 (C:\Users\rodri\AppData\Local\Programs\MiKTeX\tex/generic/pgf/utilities\pgfkeys.code.tex
\pgfkeys@pathtoks=\toks32
\pgfkeys@temptoks=\toks33
 (C:\Users\rodri\AppData\Local\Programs\MiKTeX\tex/generic/pgf/utilities\pgfkeyslibraryfiltered.code.tex
\pgfkeys@tmptoks=\toks34
))
\pgf@x=\dimen175
\pgf@y=\dimen176
\pgf@xa=\dimen177
\pgf@ya=\dimen178
\pgf@xb=\dimen179
\pgf@yb=\dimen180
\pgf@xc=\dimen181
\pgf@yc=\dimen182
\pgf@xd=\dimen183
\pgf@yd=\dimen184
\w@pgf@writea=\write3
\r@pgf@reada=\read3
\c@pgf@counta=\count325
\c@pgf@countb=\count326
\c@pgf@countc=\count327
\c@pgf@countd=\count328
\t@pgf@toka=\toks35
\t@pgf@tokb=\toks36
\t@pgf@tokc=\toks37
\pgf@sys@id@count=\count329
 (C:\Users\rodri\AppData\Local\Programs\MiKTeX\tex/generic/pgf/systemlayer\pgf.cfg
File: pgf.cfg 2023-01-15 v3.1.10 (3.1.10)
)
Driver file for pgf: pgfsys-pdftex.def
 (C:\Users\rodri\AppData\Local\Programs\MiKTeX\tex/generic/pgf/systemlayer\pgfsys-pdftex.def
File: pgfsys-pdftex.def 2023-01-15 v3.1.10 (3.1.10)
 (C:\Users\rodri\AppData\Local\Programs\MiKTeX\tex/generic/pgf/systemlayer\pgfsys-common-pdf.def
File: pgfsys-common-pdf.def 2023-01-15 v3.1.10 (3.1.10)
))) (C:\Users\rodri\AppData\Local\Programs\MiKTeX\tex/generic/pgf/systemlayer\pgfsyssoftpath.code.tex
File: pgfsyssoftpath.code.tex 2023-01-15 v3.1.10 (3.1.10)
\pgfsyssoftpath@smallbuffer@items=\count330
\pgfsyssoftpath@bigbuffer@items=\count331
) (C:\Users\rodri\AppData\Local\Programs\MiKTeX\tex/generic/pgf/systemlayer\pgfsysprotocol.code.tex
File: pgfsysprotocol.code.tex 2023-01-15 v3.1.10 (3.1.10)
)) (C:\Users\rodri\AppData\Local\Programs\MiKTeX\tex/generic/pgf/basiclayer\pgfcore.code.tex
Package: pgfcore 2023-01-15 v3.1.10 (3.1.10)
 (C:\Users\rodri\AppData\Local\Programs\MiKTeX\tex/generic/pgf/math\pgfmath.code.tex (C:\Users\rodri\AppData\Local\Programs\MiKTeX\tex/generic/pgf/math\pgfmathutil.code.tex) (C:\Users\rodri\AppData\Local\Programs\MiKTeX\tex/generic/pgf/math\pgfmathparser.code.tex
\pgfmath@dimen=\dimen185
\pgfmath@count=\count332
\pgfmath@box=\box109
\pgfmath@toks=\toks38
\pgfmath@stack@operand=\toks39
\pgfmath@stack@operation=\toks40
) (C:\Users\rodri\AppData\Local\Programs\MiKTeX\tex/generic/pgf/math\pgfmathfunctions.code.tex) (C:\Users\rodri\AppData\Local\Programs\MiKTeX\tex/generic/pgf/math\pgfmathfunctions.basic.code.tex) (C:\Users\rodri\AppData\Local\Programs\MiKTeX\tex/generic/pgf/math\pgfmathfunctions.trigonometric.code.tex) (C:\Users\rodri\AppData\Local\Programs\MiKTeX\tex/generic/pgf/math\pgfmathfunctions.random.code.tex) (C:\Users\rodri\AppData\Local\Programs\MiKTeX\tex/generic/pgf/math\pgfmathfunctions.comparison.code.tex) (C:\Users\rodri\AppData\Local\Programs\MiKTeX\tex/generic/pgf/math\pgfmathfunctions.base.code.tex) (C:\Users\rodri\AppData\Local\Programs\MiKTeX\tex/generic/pgf/math\pgfmathfunctions.round.code.tex) (C:\Users\rodri\AppData\Local\Programs\MiKTeX\tex/generic/pgf/math\pgfmathfunctions.misc.code.tex) (C:\Users\rodri\AppData\Local\Programs\MiKTeX\tex/generic/pgf/math\pgfmathfunctions.integerarithmetics.code.tex) (C:\Users\rodri\AppData\Local\Programs\MiKTeX\tex/generic/pgf/math\pgfmathcalc.code.tex) (C:\Users\rodri\AppData\Local\Programs\MiKTeX\tex/generic/pgf/math\pgfmathfloat.code.tex
\c@pgfmathroundto@lastzeros=\count333
)) (C:\Users\rodri\AppData\Local\Programs\MiKTeX\tex/generic/pgf/math\pgfint.code.tex) (C:\Users\rodri\AppData\Local\Programs\MiKTeX\tex/generic/pgf/basiclayer\pgfcorepoints.code.tex
File: pgfcorepoints.code.tex 2023-01-15 v3.1.10 (3.1.10)
\pgf@picminx=\dimen186
\pgf@picmaxx=\dimen187
\pgf@picminy=\dimen188
\pgf@picmaxy=\dimen189
\pgf@pathminx=\dimen190
\pgf@pathmaxx=\dimen191
\pgf@pathminy=\dimen192
\pgf@pathmaxy=\dimen193
\pgf@xx=\dimen194
\pgf@xy=\dimen195
\pgf@yx=\dimen196
\pgf@yy=\dimen197
\pgf@zx=\dimen198
\pgf@zy=\dimen199
) (C:\Users\rodri\AppData\Local\Programs\MiKTeX\tex/generic/pgf/basiclayer\pgfcorepathconstruct.code.tex
File: pgfcorepathconstruct.code.tex 2023-01-15 v3.1.10 (3.1.10)
\pgf@path@lastx=\dimen256
\pgf@path@lasty=\dimen257
) (C:\Users\rodri\AppData\Local\Programs\MiKTeX\tex/generic/pgf/basiclayer\pgfcorepathusage.code.tex
File: pgfcorepathusage.code.tex 2023-01-15 v3.1.10 (3.1.10)
\pgf@shorten@end@additional=\dimen258
\pgf@shorten@start@additional=\dimen259
) (C:\Users\rodri\AppData\Local\Programs\MiKTeX\tex/generic/pgf/basiclayer\pgfcorescopes.code.tex
File: pgfcorescopes.code.tex 2023-01-15 v3.1.10 (3.1.10)
\pgfpic=\box110
\pgf@hbox=\box111
\pgf@layerbox@main=\box112
\pgf@picture@serial@count=\count334
) (C:\Users\rodri\AppData\Local\Programs\MiKTeX\tex/generic/pgf/basiclayer\pgfcoregraphicstate.code.tex
File: pgfcoregraphicstate.code.tex 2023-01-15 v3.1.10 (3.1.10)
\pgflinewidth=\dimen260
) (C:\Users\rodri\AppData\Local\Programs\MiKTeX\tex/generic/pgf/basiclayer\pgfcoretransformations.code.tex
File: pgfcoretransformations.code.tex 2023-01-15 v3.1.10 (3.1.10)
\pgf@pt@x=\dimen261
\pgf@pt@y=\dimen262
\pgf@pt@temp=\dimen263
) (C:\Users\rodri\AppData\Local\Programs\MiKTeX\tex/generic/pgf/basiclayer\pgfcorequick.code.tex
File: pgfcorequick.code.tex 2023-01-15 v3.1.10 (3.1.10)
) (C:\Users\rodri\AppData\Local\Programs\MiKTeX\tex/generic/pgf/basiclayer\pgfcoreobjects.code.tex
File: pgfcoreobjects.code.tex 2023-01-15 v3.1.10 (3.1.10)
) (C:\Users\rodri\AppData\Local\Programs\MiKTeX\tex/generic/pgf/basiclayer\pgfcorepathprocessing.code.tex
File: pgfcorepathprocessing.code.tex 2023-01-15 v3.1.10 (3.1.10)
) (C:\Users\rodri\AppData\Local\Programs\MiKTeX\tex/generic/pgf/basiclayer\pgfcorearrows.code.tex
File: pgfcorearrows.code.tex 2023-01-15 v3.1.10 (3.1.10)
\pgfarrowsep=\dimen264
) (C:\Users\rodri\AppData\Local\Programs\MiKTeX\tex/generic/pgf/basiclayer\pgfcoreshade.code.tex
File: pgfcoreshade.code.tex 2023-01-15 v3.1.10 (3.1.10)
\pgf@max=\dimen265
\pgf@sys@shading@range@num=\count335
\pgf@shadingcount=\count336
) (C:\Users\rodri\AppData\Local\Programs\MiKTeX\tex/generic/pgf/basiclayer\pgfcoreimage.code.tex
File: pgfcoreimage.code.tex 2023-01-15 v3.1.10 (3.1.10)
) (C:\Users\rodri\AppData\Local\Programs\MiKTeX\tex/generic/pgf/basiclayer\pgfcoreexternal.code.tex
File: pgfcoreexternal.code.tex 2023-01-15 v3.1.10 (3.1.10)
\pgfexternal@startupbox=\box113
) (C:\Users\rodri\AppData\Local\Programs\MiKTeX\tex/generic/pgf/basiclayer\pgfcorelayers.code.tex
File: pgfcorelayers.code.tex 2023-01-15 v3.1.10 (3.1.10)
) (C:\Users\rodri\AppData\Local\Programs\MiKTeX\tex/generic/pgf/basiclayer\pgfcoretransparency.code.tex
File: pgfcoretransparency.code.tex 2023-01-15 v3.1.10 (3.1.10)
) (C:\Users\rodri\AppData\Local\Programs\MiKTeX\tex/generic/pgf/basiclayer\pgfcorepatterns.code.tex
File: pgfcorepatterns.code.tex 2023-01-15 v3.1.10 (3.1.10)
) (C:\Users\rodri\AppData\Local\Programs\MiKTeX\tex/generic/pgf/basiclayer\pgfcorerdf.code.tex
File: pgfcorerdf.code.tex 2023-01-15 v3.1.10 (3.1.10)
))) (C:\Users\rodri\AppData\Local\Programs\MiKTeX\tex/generic/pgf/modules\pgfmoduleshapes.code.tex
File: pgfmoduleshapes.code.tex 2023-01-15 v3.1.10 (3.1.10)
\pgfnodeparttextbox=\box114
) (C:\Users\rodri\AppData\Local\Programs\MiKTeX\tex/generic/pgf/modules\pgfmoduleplot.code.tex
File: pgfmoduleplot.code.tex 2023-01-15 v3.1.10 (3.1.10)
) (C:\Users\rodri\AppData\Local\Programs\MiKTeX\tex/latex/pgf/compatibility\pgfcomp-version-0-65.sty
Package: pgfcomp-version-0-65 2023-01-15 v3.1.10 (3.1.10)
\pgf@nodesepstart=\dimen266
\pgf@nodesepend=\dimen267
) (C:\Users\rodri\AppData\Local\Programs\MiKTeX\tex/latex/pgf/compatibility\pgfcomp-version-1-18.sty
Package: pgfcomp-version-1-18 2023-01-15 v3.1.10 (3.1.10)
)) (C:\Users\rodri\AppData\Local\Programs\MiKTeX\tex/latex/pgf/utilities\pgffor.sty (C:\Users\rodri\AppData\Local\Programs\MiKTeX\tex/latex/pgf/utilities\pgfkeys.sty (C:\Users\rodri\AppData\Local\Programs\MiKTeX\tex/generic/pgf/utilities\pgfkeys.code.tex)) (C:\Users\rodri\AppData\Local\Programs\MiKTeX\tex/latex/pgf/math\pgfmath.sty (C:\Users\rodri\AppData\Local\Programs\MiKTeX\tex/generic/pgf/math\pgfmath.code.tex)) (C:\Users\rodri\AppData\Local\Programs\MiKTeX\tex/generic/pgf/utilities\pgffor.code.tex
Package: pgffor 2023-01-15 v3.1.10 (3.1.10)
\pgffor@iter=\dimen268
\pgffor@skip=\dimen269
\pgffor@stack=\toks41
\pgffor@toks=\toks42
)) (C:\Users\rodri\AppData\Local\Programs\MiKTeX\tex/generic/pgf/frontendlayer/tikz\tikz.code.tex
Package: tikz 2023-01-15 v3.1.10 (3.1.10)
 (C:\Users\rodri\AppData\Local\Programs\MiKTeX\tex/generic/pgf/libraries\pgflibraryplothandlers.code.tex
File: pgflibraryplothandlers.code.tex 2023-01-15 v3.1.10 (3.1.10)
\pgf@plot@mark@count=\count337
\pgfplotmarksize=\dimen270
)
\tikz@lastx=\dimen271
\tikz@lasty=\dimen272
\tikz@lastxsaved=\dimen273
\tikz@lastysaved=\dimen274
\tikz@lastmovetox=\dimen275
\tikz@lastmovetoy=\dimen276
\tikzleveldistance=\dimen277
\tikzsiblingdistance=\dimen278
\tikz@figbox=\box115
\tikz@figbox@bg=\box116
\tikz@tempbox=\box117
\tikz@tempbox@bg=\box118
\tikztreelevel=\count338
\tikznumberofchildren=\count339
\tikznumberofcurrentchild=\count340
\tikz@fig@count=\count341
 (C:\Users\rodri\AppData\Local\Programs\MiKTeX\tex/generic/pgf/modules\pgfmodulematrix.code.tex
File: pgfmodulematrix.code.tex 2023-01-15 v3.1.10 (3.1.10)
\pgfmatrixcurrentrow=\count342
\pgfmatrixcurrentcolumn=\count343
\pgf@matrix@numberofcolumns=\count344
)
\tikz@expandcount=\count345
 (C:\Users\rodri\AppData\Local\Programs\MiKTeX\tex/generic/pgf/frontendlayer/tikz/libraries\tikzlibrarytopaths.code.tex
File: tikzlibrarytopaths.code.tex 2023-01-15 v3.1.10 (3.1.10)
))) (C:\Users\rodri\AppData\Local\Programs\MiKTeX\tex/latex/textpos\textpos.sty
Package: textpos 2022/07/23 v1.10.1
Package textpos Info: choosing support for LaTeX3 on input line 60.
\TP@textbox=\box119
\TP@holdbox=\box120
\TPHorizModule=\dimen279
\TPVertModule=\dimen280
\TP@margin=\dimen281
\TP@absmargin=\dimen282

Grid set 16 x 16 = 37.34424pt x 52.81541pt
\TPboxrulesize=\dimen283
\TP@ox=\dimen284
\TP@oy=\dimen285
\TP@tbargs=\toks43
TextBlockOrigin set to 0pt x 0pt
) (C:\Users\rodri\AppData\Local\Programs\MiKTeX\tex/latex/colortbl\colortbl.sty
Package: colortbl 2022/06/20 v1.0f Color table columns (DPC)
\everycr=\toks44
\minrowclearance=\skip139
\rownum=\count346
) (C:\Users\rodri\AppData\Local\Programs\MiKTeX\tex/latex/geometry\geometry.sty
Package: geometry 2020/01/02 v5.9 Page Geometry
 (C:\Users\rodri\AppData\Local\Programs\MiKTeX\tex/generic/iftex\ifvtex.sty
Package: ifvtex 2019/10/25 v1.7 ifvtex legacy package. Use iftex instead.
)
\Gm@cnth=\count347
\Gm@cntv=\count348
\c@Gm@tempcnt=\count349
\Gm@bindingoffset=\dimen286
\Gm@wd@mp=\dimen287
\Gm@odd@mp=\dimen288
\Gm@even@mp=\dimen289
\Gm@layoutwidth=\dimen290
\Gm@layoutheight=\dimen291
\Gm@layouthoffset=\dimen292
\Gm@layoutvoffset=\dimen293
\Gm@dimlist=\toks45
 (C:\Users\rodri\AppData\Local\Programs\MiKTeX\tex/latex/geometry\geometry.cfg)) (C:\Users\rodri\AppData\Local\Programs\MiKTeX\tex/latex/hyperref\hyperref.sty
Package: hyperref 2023-07-08 v7.01b Hypertext links for LaTeX
 (C:\Users\rodri\AppData\Local\Programs\MiKTeX\tex/generic/pdfescape\pdfescape.sty
Package: pdfescape 2019/12/09 v1.15 Implements pdfTeX's escape features (HO)
) (C:\Users\rodri\AppData\Local\Programs\MiKTeX\tex/latex/hycolor\hycolor.sty
Package: hycolor 2020-01-27 v1.10 Color options for hyperref/bookmark (HO)
) (C:\Users\rodri\AppData\Local\Programs\MiKTeX\tex/latex/letltxmacro\letltxmacro.sty
Package: letltxmacro 2019/12/03 v1.6 Let assignment for LaTeX macros (HO)
) (C:\Users\rodri\AppData\Local\Programs\MiKTeX\tex/latex/hyperref\nameref.sty
Package: nameref 2023-08-07 v2.53 Cross-referencing by name of section
 (C:\Users\rodri\AppData\Local\Programs\MiKTeX\tex/latex/refcount\refcount.sty
Package: refcount 2019/12/15 v3.6 Data extraction from label references (HO)
) (C:\Users\rodri\AppData\Local\Programs\MiKTeX\tex/generic/gettitlestring\gettitlestring.sty
Package: gettitlestring 2019/12/15 v1.6 Cleanup title references (HO)
)
\c@section@level=\count350
)
\@linkdim=\dimen294
\Hy@linkcounter=\count351
\Hy@pagecounter=\count352
 (C:\Users\rodri\AppData\Local\Programs\MiKTeX\tex/latex/hyperref\pd1enc.def
File: pd1enc.def 2023-07-08 v7.01b Hyperref: PDFDocEncoding definition (HO)
Now handling font encoding PD1 ...
... no UTF-8 mapping file for font encoding PD1
) (C:\Users\rodri\AppData\Local\Programs\MiKTeX\tex/generic/intcalc\intcalc.sty
Package: intcalc 2019/12/15 v1.3 Expandable calculations with integers (HO)
)
\Hy@SavedSpaceFactor=\count353
 (C:\Users\rodri\AppData\Local\Programs\MiKTeX\tex/latex/hyperref\puenc.def
File: puenc.def 2023-07-08 v7.01b Hyperref: PDF Unicode definition (HO)
Now handling font encoding PU ...
... no UTF-8 mapping file for font encoding PU
)
Package hyperref Info: Hyper figures OFF on input line 4167.
Package hyperref Info: Link nesting OFF on input line 4172.
Package hyperref Info: Hyper index ON on input line 4175.
Package hyperref Info: Plain pages OFF on input line 4182.
Package hyperref Info: Backreferencing OFF on input line 4187.
Package hyperref Info: Implicit mode ON; LaTeX internals redefined.
Package hyperref Info: Bookmarks ON on input line 4434.
\c@Hy@tempcnt=\count354
 (C:\Users\rodri\AppData\Local\Programs\MiKTeX\tex/latex/url\url.sty
\Urlmuskip=\muskip17
Package: url 2013/09/16  ver 3.4  Verb mode for urls, etc.
)
LaTeX Info: Redefining \url on input line 4772.
\XeTeXLinkMargin=\dimen295
 (C:\Users\rodri\AppData\Local\Programs\MiKTeX\tex/generic/bitset\bitset.sty
Package: bitset 2019/12/09 v1.3 Handle bit-vector datatype (HO)
 (C:\Users\rodri\AppData\Local\Programs\MiKTeX\tex/generic/bigintcalc\bigintcalc.sty
Package: bigintcalc 2019/12/15 v1.5 Expandable calculations on big integers (HO)
))
\Fld@menulength=\count355
\Field@Width=\dimen296
\Fld@charsize=\dimen297
Package hyperref Info: Hyper figures OFF on input line 6051.
Package hyperref Info: Link nesting OFF on input line 6056.
Package hyperref Info: Hyper index ON on input line 6059.
Package hyperref Info: backreferencing OFF on input line 6066.
Package hyperref Info: Link coloring OFF on input line 6071.
Package hyperref Info: Link coloring with OCG OFF on input line 6076.
Package hyperref Info: PDF/A mode OFF on input line 6081.
 (C:\Users\rodri\AppData\Local\Programs\MiKTeX\tex/latex/base\atbegshi-ltx.sty
Package: atbegshi-ltx 2021/01/10 v1.0c Emulation of the original atbegshi
package with kernel methods
)
\Hy@abspage=\count356
\c@Item=\count357
\c@Hfootnote=\count358
)
Package hyperref Info: Driver (autodetected): hpdftex.
 (C:\Users\rodri\AppData\Local\Programs\MiKTeX\tex/latex/hyperref\hpdftex.def
File: hpdftex.def 2023-07-08 v7.01b Hyperref driver for pdfTeX
 (C:\Users\rodri\AppData\Local\Programs\MiKTeX\tex/latex/base\atveryend-ltx.sty
Package: atveryend-ltx 2020/08/19 v1.0a Emulation of the original atveryend package
with kernel methods
)
\HyAnn@Count=\count359
\Fld@listcount=\count360
\c@bookmark@seq@number=\count361
 (C:\Users\rodri\AppData\Local\Programs\MiKTeX\tex/latex/rerunfilecheck\rerunfilecheck.sty
Package: rerunfilecheck 2022-07-10 v1.10 Rerun checks for auxiliary files (HO)
 (C:\Users\rodri\AppData\Local\Programs\MiKTeX\tex/generic/uniquecounter\uniquecounter.sty
Package: uniquecounter 2019/12/15 v1.4 Provide unlimited unique counter (HO)
)
Package uniquecounter Info: New unique counter `rerunfilecheck' on input line 285.
)
\Hy@SectionHShift=\skip140
) (C:\Users\rodri\AppData\Local\Programs\MiKTeX\tex/latex/booktabs\booktabs.sty
Package: booktabs 2020/01/12 v1.61803398 Publication quality tables
\heavyrulewidth=\dimen298
\lightrulewidth=\dimen299
\cmidrulewidth=\dimen300
\belowrulesep=\dimen301
\belowbottomsep=\dimen302
\aboverulesep=\dimen303
\abovetopsep=\dimen304
\cmidrulesep=\dimen305
\cmidrulekern=\dimen306
\defaultaddspace=\dimen307
\@cmidla=\count362
\@cmidlb=\count363
\@aboverulesep=\dimen308
\@belowrulesep=\dimen309
\@thisruleclass=\count364
\@lastruleclass=\count365
\@thisrulewidth=\dimen310
) (C:\Users\rodri\AppData\Local\Programs\MiKTeX\tex/latex/float\float.sty
Package: float 2001/11/08 v1.3d Float enhancements (AL)
\c@float@type=\count366
\float@exts=\toks46
\float@box=\box121
\@float@everytoks=\toks47
\@floatcapt=\box122
) (C:\Users\rodri\AppData\Local\Programs\MiKTeX\tex/latex/pdfpages\pdfpages.sty
Package: pdfpages 2024/01/21 v0.5y Insert pages of external PDF documents (AM)
 (C:\Users\rodri\AppData\Local\Programs\MiKTeX\tex/latex/eso-pic\eso-pic.sty
Package: eso-pic 2023/05/03 v3.0c eso-pic (RN)
\ESO@tempdima=\dimen311
\ESO@tempdimb=\dimen312
)
\AM@pagewidth=\dimen313
\AM@pageheight=\dimen314
\AM@fboxrule=\dimen315
 (C:\Users\rodri\AppData\Local\Programs\MiKTeX\tex/latex/pdfpages\pppdftex.def
File: pppdftex.def 2024/01/21 v0.5y Pdfpages driver for pdfTeX (AM)
)
\pdfpages@includegraphics@status=\count367
\AM@pagebox=\box123
\AM@global@opts=\toks48
\AM@pagecnt=\count368
\AM@toc@title=\toks49
\AM@lof@heading=\toks50
\c@AM@survey=\count369
\AM@templatesizebox=\box124
) (C:\Users\rodri\AppData\Local\Programs\MiKTeX\tex/latex/tocbibind\tocbibind.sty
Package: tocbibind 2010/10/13 v1.5k extra ToC listings
Package tocbibind Info: The document has chapter divisions on input line 50.


Package tocbibind Note: Using chapter style headings, unless overridden.

) (index.aux (abstract.aux) (introduction.aux) (methodology.aux) (review.aux) (design.aux) (mlModels.aux) (conclusion.aux) (appendix.aux))
\openout1 = `index.aux'.

LaTeX Font Info:    Checking defaults for OML/cmm/m/it on input line 77.
LaTeX Font Info:    ... okay on input line 77.
LaTeX Font Info:    Checking defaults for OMS/cmsy/m/n on input line 77.
LaTeX Font Info:    ... okay on input line 77.
LaTeX Font Info:    Checking defaults for OT1/cmr/m/n on input line 77.
LaTeX Font Info:    ... okay on input line 77.
LaTeX Font Info:    Checking defaults for T1/cmr/m/n on input line 77.
LaTeX Font Info:    ... okay on input line 77.
LaTeX Font Info:    Checking defaults for TS1/cmr/m/n on input line 77.
LaTeX Font Info:    ... okay on input line 77.
LaTeX Font Info:    Checking defaults for OMX/cmex/m/n on input line 77.
LaTeX Font Info:    ... okay on input line 77.
LaTeX Font Info:    Checking defaults for U/cmr/m/n on input line 77.
LaTeX Font Info:    ... okay on input line 77.
LaTeX Font Info:    Checking defaults for PD1/pdf/m/n on input line 77.
LaTeX Font Info:    ... okay on input line 77.
LaTeX Font Info:    Checking defaults for PU/pdf/m/n on input line 77.
LaTeX Font Info:    ... okay on input line 77.
 (C:\Users\rodri\AppData\Local\Programs\MiKTeX\tex/context/base/mkii\supp-pdf.mkii
[Loading MPS to PDF converter (version 2006.09.02).]
\scratchcounter=\count370
\scratchdimen=\dimen316
\scratchbox=\box125
\nofMPsegments=\count371
\nofMParguments=\count372
\everyMPshowfont=\toks51
\MPscratchCnt=\count373
\MPscratchDim=\dimen317
\MPnumerator=\count374
\makeMPintoPDFobject=\count375
\everyMPtoPDFconversion=\toks52
) (C:\Users\rodri\AppData\Local\Programs\MiKTeX\tex/latex/epstopdf-pkg\epstopdf-base.sty
Package: epstopdf-base 2020-01-24 v2.11 Base part for package epstopdf
Package epstopdf-base Info: Redefining graphics rule for `.eps' on input line 485.
 (C:\Users\rodri\AppData\Local\Programs\MiKTeX\tex/latex/00miktex\epstopdf-sys.cfg
File: epstopdf-sys.cfg 2021/03/18 v2.0 Configuration of epstopdf for MiKTeX
))
*geometry* driver: auto-detecting
*geometry* detected driver: pdftex
*geometry* verbose mode - [ preamble ] result:
* driver: pdftex
* paper: a4paper
* layout: <same size as paper>
* layoutoffset:(h,v)=(0.0pt,0.0pt)
* modes: twoside 
* h-part:(L,W,R)=(71.70166pt, 418.25368pt, 107.55254pt)
* v-part:(T,H,B)=(101.40665pt, 591.5302pt, 152.11pt)
* \paperwidth=597.50787pt
* \paperheight=845.04684pt
* \textwidth=418.25368pt
* \textheight=591.5302pt
* \oddsidemargin=-0.56833pt
* \evensidemargin=35.28255pt
* \topmargin=-2.73714pt
* \headheight=12.0pt
* \headsep=19.8738pt
* \topskip=12.0pt
* \footskip=30.0pt
* \marginparwidth=88.0pt
* \marginparsep=7.0pt
* \columnsep=10.0pt
* \skip\footins=10.8pt plus 4.0pt minus 2.0pt
* \hoffset=0.0pt
* \voffset=0.0pt
* \mag=1000
* \@twocolumnfalse
* \@twosidetrue
* \@mparswitchtrue
* \@reversemarginfalse
* (1in=72.27pt=25.4mm, 1cm=28.453pt)

Package hyperref Info: Link coloring OFF on input line 77.
(index.out) (index.out)
\@outlinefile=\write4
\openout4 = `index.out'.

 (C:\Users\rodri\AppData\Local\Programs\MiKTeX\tex/latex/pdflscape\pdflscape.sty
Package: pdflscape 2022-10-27 v0.13 Display of landscape pages in PDF
 (C:\Users\rodri\AppData\Local\Programs\MiKTeX\tex/latex/pdflscape\pdflscape-nometadata.sty
Package: pdflscape-nometadata 2022-10-28 v0.13 Display of landscape pages in PDF (HO)
 (C:\Users\rodri\AppData\Local\Programs\MiKTeX\tex/latex/graphics\lscape.sty
Package: lscape 2020/05/28 v3.02 Landscape Pages (DPC)
)
Package pdflscape Info: Auto-detected driver: pdftex on input line 81.
))
*geometry* verbose mode - [ newgeometry ] result:
* driver: pdftex
* paper: a4paper
* layout: <same size as paper>
* layoutoffset:(h,v)=(0.0pt,0.0pt)
* modes: twoside 
* h-part:(L,W,R)=(170.71652pt, 398.33861pt, 28.45274pt)
* v-part:(T,H,B)=(28.45274pt, 759.6886pt, 56.9055pt)
* \paperwidth=597.50787pt
* \paperheight=845.04684pt
* \textwidth=398.33861pt
* \textheight=759.6886pt
* \oddsidemargin=98.44653pt
* \evensidemargin=-43.81725pt
* \topmargin=-75.69104pt
* \headheight=12.0pt
* \headsep=19.8738pt
* \topskip=12.0pt
* \footskip=30.0pt
* \marginparwidth=88.0pt
* \marginparsep=7.0pt
* \columnsep=10.0pt
* \skip\footins=10.8pt plus 4.0pt minus 2.0pt
* \hoffset=0.0pt
* \voffset=0.0pt
* \mag=1000
* \@twocolumnfalse
* \@twosidetrue
* \@mparswitchtrue
* \@reversemarginfalse
* (1in=72.27pt=25.4mm, 1cm=28.453pt)

<images/leftbar.png, id=258, 388.45125pt x 1087.06125pt>
File: images/leftbar.png Graphic file (type png)
<use images/leftbar.png>
Package pdftex.def Info: images/leftbar.png  used on input line 82.
(pdftex.def)             Requested size: 388.45029pt x 1087.0586pt.
LaTeX Font Info:    Trying to load font information for T1+fvs on input line 84.
 (C:\Users\rodri\AppData\Local\Programs\MiKTeX\tex/latex/bera\t1fvs.fd
File: t1fvs.fd 2004/09/07 scalable font definitions for T1/fvs.
)
<images/atu-logo-green.png, id=259, 1540.75626pt x 495.8525pt>
File: images/atu-logo-green.png Graphic file (type png)
<use images/atu-logo-green.png>
Package pdftex.def Info: images/atu-logo-green.png  used on input line 93.
(pdftex.def)             Requested size: 284.52756pt x 91.56482pt.
LaTeX Font Info:    Trying to load font information for T1+cmss on input line 100.
 (C:\Users\rodri\AppData\Local\Programs\MiKTeX\tex/latex/base\t1cmss.fd
File: t1cmss.fd 2023/04/13 v2.5m Standard LaTeX font definitions
)

LaTeX Font Warning: Font shape `T1/cmss/m/n' in size <22> not available
(Font)              size <20.74> substituted on input line 100.


LaTeX Font Warning: Font shape `T1/fvs/m/sc' undefined
(Font)              using `T1/fvs/m/n' instead on input line 108.

[1



{C:/Users/rodri/AppData/Local/MiKTeX/fonts/map/pdftex/pdftex.map}{C:/Users/rodri/AppData/Local/Programs/MiKTeX/fonts/enc/dvips/base/8r.enc} <./images/leftbar.png (PNG copy)> <./images/atu-logo-green.png>] (index.toc
LaTeX Font Info:    Trying to load font information for U+msa on input line 8.
 (C:\Users\rodri\AppData\Local\Programs\MiKTeX\tex/latex/amsfonts\umsa.fd
File: umsa.fd 2013/01/14 v3.01 AMS symbols A
)
LaTeX Font Info:    Trying to load font information for U+msb on input line 8.
 (C:\Users\rodri\AppData\Local\Programs\MiKTeX\tex/latex/amsfonts\umsb.fd
File: umsb.fd 2013/01/14 v3.01 AMS symbols B
) [2

])
\tf@toc=\write5
\openout5 = `index.toc'.



Package fancyhdr Warning: \headheight is too small (12.0pt): 
(fancyhdr)                Make it at least 14.49998pt, for example:
(fancyhdr)                \setlength{\headheight}{14.49998pt}.
(fancyhdr)                You might also make \topmargin smaller to compensate:
(fancyhdr)                \addtolength{\topmargin}{-2.49998pt}.

[3] (index.lof)
\tf@lof=\write6
\openout6 = `index.lof'.

 [4

] (index.lot)
\tf@lot=\write7
\openout7 = `index.lot'.


pdfTeX warning (ext4): destination with the same identifier (name{page.1}) has been already used, duplicate ignored
<to be read again> 
                   \relax 
l.127 \include{abstract}
                         [1

]
\openout2 = `abstract.aux'.

 (abstract.tex
Chapter 1.
)
pdfTeX warning (ext4): destination with the same identifier (name{page.2}) has been already used, duplicate ignored
<to be read again> 
                   \relax 
l.127 \include{abstract}
                         [2


]
\openout2 = `introduction.aux'.

 (introduction.tex
Chapter 2.

pdfTeX warning (ext4): destination with the same identifier (name{page.3}) has been already used, duplicate ignored
<to be read again> 
                   \relax 
l.20 T
      he Heart Rate Variability measurements typically requires a chest stra... [3




]
Underfull \vbox (badness 2205) has occurred while \output is active []



Package fancyhdr Warning: \headheight is too small (12.0pt): 
(fancyhdr)                Make it at least 14.49998pt, for example:
(fancyhdr)                \setlength{\headheight}{14.49998pt}.
(fancyhdr)                You might also make \topmargin smaller to compensate:
(fancyhdr)                \addtolength{\topmargin}{-2.49998pt}.


pdfTeX warning (ext4): destination with the same identifier (name{page.4}) has been already used, duplicate ignored
<to be read again> 
                   \relax 
l.43 
      [4])

Package fancyhdr Warning: \headheight is too small (12.0pt): 
(fancyhdr)                Make it at least 14.49998pt, for example:
(fancyhdr)                \setlength{\headheight}{14.49998pt}.
(fancyhdr)                You might also make \topmargin smaller to compensate:
(fancyhdr)                \addtolength{\topmargin}{-2.49998pt}.

[5]
\openout2 = `methodology.aux'.

 (methodology.tex
Chapter 3.
[6




]
<images/poster.png, id=414, 439.6425pt x 242.40562pt>
File: images/poster.png Graphic file (type png)
<use images/poster.png>
Package pdftex.def Info: images/poster.png  used on input line 34.
(pdftex.def)             Requested size: 397.3397pt x 219.08772pt.


Package fancyhdr Warning: \headheight is too small (12.0pt): 
(fancyhdr)                Make it at least 14.49998pt, for example:
(fancyhdr)                \setlength{\headheight}{14.49998pt}.
(fancyhdr)                You might also make \topmargin smaller to compensate:
(fancyhdr)                \addtolength{\topmargin}{-2.49998pt}.

[7
pdfTeX warning (ext4): destination with the same identifier (name{figure.3.1}) has been already used, duplicate ignored
<argument> ...shipout:D \box_use:N \l_shipout_box 
                                                  \__shipout_drop_firstpage_...
l.41 
      <./images/poster.png>]

Package fancyhdr Warning: \headheight is too small (12.0pt): 
(fancyhdr)                Make it at least 14.49998pt, for example:
(fancyhdr)                \setlength{\headheight}{14.49998pt}.
(fancyhdr)                You might also make \topmargin smaller to compensate:
(fancyhdr)                \addtolength{\topmargin}{-2.49998pt}.

[8]

Package fancyhdr Warning: \headheight is too small (12.0pt): 
(fancyhdr)                Make it at least 14.49998pt, for example:
(fancyhdr)                \setlength{\headheight}{14.49998pt}.
(fancyhdr)                You might also make \topmargin smaller to compensate:
(fancyhdr)                \addtolength{\topmargin}{-2.49998pt}.

[9]

Package fancyhdr Warning: \headheight is too small (12.0pt): 
(fancyhdr)                Make it at least 14.49998pt, for example:
(fancyhdr)                \setlength{\headheight}{14.49998pt}.
(fancyhdr)                You might also make \topmargin smaller to compensate:
(fancyhdr)                \addtolength{\topmargin}{-2.49998pt}.

[10]

Package fancyhdr Warning: \headheight is too small (12.0pt): 
(fancyhdr)                Make it at least 14.49998pt, for example:
(fancyhdr)                \setlength{\headheight}{14.49998pt}.
(fancyhdr)                You might also make \topmargin smaller to compensate:
(fancyhdr)                \addtolength{\topmargin}{-2.49998pt}.

[11]
<images/xp.png, id=456, 459.7175pt x 125.46875pt>
File: images/xp.png Graphic file (type png)
<use images/xp.png>
Package pdftex.def Info: images/xp.png  used on input line 155.
(pdftex.def)             Requested size: 418.25368pt x 114.15758pt.


Package fancyhdr Warning: \headheight is too small (12.0pt): 
(fancyhdr)                Make it at least 14.49998pt, for example:
(fancyhdr)                \setlength{\headheight}{14.49998pt}.
(fancyhdr)                You might also make \topmargin smaller to compensate:
(fancyhdr)                \addtolength{\topmargin}{-2.49998pt}.

[12
pdfTeX warning (ext4): destination with the same identifier (name{figure.3.2}) has been already used, duplicate ignored
<argument> ...shipout:D \box_use:N \l_shipout_box 
                                                  \__shipout_drop_firstpage_...
l.166 
       <./images/xp.png>]

Package fancyhdr Warning: \headheight is too small (12.0pt): 
(fancyhdr)                Make it at least 14.49998pt, for example:
(fancyhdr)                \setlength{\headheight}{14.49998pt}.
(fancyhdr)                You might also make \topmargin smaller to compensate:
(fancyhdr)                \addtolength{\topmargin}{-2.49998pt}.

[13]

Package fancyhdr Warning: \headheight is too small (12.0pt): 
(fancyhdr)                Make it at least 14.49998pt, for example:
(fancyhdr)                \setlength{\headheight}{14.49998pt}.
(fancyhdr)                You might also make \topmargin smaller to compensate:
(fancyhdr)                \addtolength{\topmargin}{-2.49998pt}.

[14])

Package fancyhdr Warning: \headheight is too small (12.0pt): 
(fancyhdr)                Make it at least 14.49998pt, for example:
(fancyhdr)                \setlength{\headheight}{14.49998pt}.
(fancyhdr)                You might also make \topmargin smaller to compensate:
(fancyhdr)                \addtolength{\topmargin}{-2.49998pt}.

[15]
\openout2 = `review.aux'.

 (review.tex
Chapter 4.

Underfull \vbox (badness 3780) has occurred while \output is active []

 [16




] [17
pdfTeX warning (ext4): destination with the same identifier (name{table.4.1}) has been already used, duplicate ignored
<argument> ...shipout:D \box_use:N \l_shipout_box 
                                                  \__shipout_drop_firstpage_...
l.58 \subsubsection
                   {Modules} In Angular modules serve as containers that gro...]
<images/angular-arch.png, id=494, 533.74406pt x 280.79906pt>
File: images/angular-arch.png Graphic file (type png)
<use images/angular-arch.png>
Package pdftex.def Info: images/angular-arch.png  used on input line 68.
(pdftex.def)             Requested size: 355.51817pt x 187.04181pt.

Underfull \vbox (badness 1365) has occurred while \output is active []

 [18
pdfTeX warning (ext4): destination with the same identifier (name{figure.4.1}) has been already used, duplicate ignored
<argument> ...shipout:D \box_use:N \l_shipout_box 
                                                  \__shipout_drop_firstpage_...
l.77 
      <./images/angular-arch.png>] [19]
Underfull \vbox (badness 10000) has occurred while \output is active []

 [20]
<images/ajax.png, id=527, 442.65375pt x 256.45813pt>
File: images/ajax.png Graphic file (type png)
<use images/ajax.png>
Package pdftex.def Info: images/ajax.png  used on input line 144.
(pdftex.def)             Requested size: 334.60422pt x 193.86926pt.
 [21
pdfTeX warning (ext4): destination with the same identifier (name{table.4.2}) has been already used, duplicate ignored
<argument> ...shipout:D \box_use:N \l_shipout_box 
                                                  \__shipout_drop_firstpage_...
l.165 
      ]
Underfull \hbox (badness 1132) in paragraph at lines 194--194
[]|\T1/cmr/m/n/12 Chart.js is com-pat-i-ble with all most of the
 []


Underfull \vbox (badness 6204) has occurred while \output is active []

 [22
pdfTeX warning (ext4): destination with the same identifier (name{figure.4.2}) has been already used, duplicate ignored
<argument> ...shipout:D \box_use:N \l_shipout_box 
                                                  \__shipout_drop_firstpage_...
l.198 
       <./images/ajax.png>] [23
pdfTeX warning (ext4): destination with the same identifier (name{table.4.3}) has been already used, duplicate ignored
<argument> ...shipout:D \box_use:N \l_shipout_box 
                                                  \__shipout_drop_firstpage_...
l.216 
      ] [24]
Overfull \hbox (3.73184pt too wide) in paragraph at lines 260--263
\T1/cmr/m/n/12 Flow func-tion-al-ity, in-clud-ing Ten-sor-Flow's ea-ger ex-e-cu-tion, `tf.data` pipelines,
 []

[25]

LaTeX Warning: Reference `fig:keras' on page 26 undefined on input line 271.

<images/keras.png, id=564, 602.25pt x 396.48125pt>
File: images/keras.png Graphic file (type png)
<use images/keras.png>
Package pdftex.def Info: images/keras.png  used on input line 276.
(pdftex.def)             Requested size: 334.60422pt x 220.29169pt.
[26]
Underfull \hbox (badness 1546) in paragraph at lines 321--321
\T1/cmr/m/n/12 lows for scal-a-bil-ityand con-cur-rency,
 []


Underfull \hbox (badness 1789) in paragraph at lines 321--321
[]|\T1/cmr/m/n/12 Callback hell: the code could be
 []


Underfull \hbox (badness 1072) in paragraph at lines 321--321
\T1/cmr/m/n/12 are nested call-backs (Promises and
 []


Underfull \hbox (badness 1005) in paragraph at lines 321--321
[]|\T1/cmr/m/n/12 Large and ac-tive com-mu-nity: The
 []


Underfull \hbox (badness 2418) in paragraph at lines 321--321
\T1/cmr/m/n/12 sands of open-source li-braries and
 []


Underfull \hbox (badness 2150) in paragraph at lines 321--321
[]|\T1/cmr/m/n/12 Speed: it is known by its high-
 []


Underfull \hbox (badness 1924) in paragraph at lines 321--321
[]|\T1/cmr/m/n/12 Not weel suited for CPU-intensive
 []

[27
pdfTeX warning (ext4): destination with the same identifier (name{table.4.4}) has been already used, duplicate ignored
<argument> ...shipout:D \box_use:N \l_shipout_box 
                                                  \__shipout_drop_firstpage_...
l.338 
      ]
<images/docker.png, id=595, 349.48477pt x 292.8553pt>
File: images/docker.png Graphic file (type png)
<use images/docker.png>
Package pdftex.def Info: images/docker.png  used on input line 350.
(pdftex.def)             Requested size: 334.60422pt x 280.3961pt.
 [28] [29
pdfTeX warning (ext4): destination with the same identifier (name{figure.4.4}) has been already used, duplicate ignored
<argument> ...shipout:D \box_use:N \l_shipout_box 
                                                  \__shipout_drop_firstpage_...
l.369 
       <./images/docker.png>]
Underfull \hbox (badness 3803) in paragraph at lines 394--394
[]|\T1/cmr/m/n/12 Event-driven, asyn-chronous, and non-blocking
 []


Underfull \hbox (badness 1715) in paragraph at lines 429--429
[]|\T1/cmr/m/n/12 Easily in-te-grates with pop-u-lar ma-chine learn-ing
 []

[30
pdfTeX warning (ext4): destination with the same identifier (name{table.4.5}) has been already used, duplicate ignored
<argument> ...shipout:D \box_use:N \l_shipout_box 
                                                  \__shipout_drop_firstpage_...
l.433 
      ]
Underfull \vbox (badness 2689) has occurred while \output is active []

 [31
pdfTeX warning (ext4): destination with the same identifier (name{table.4.6}) has been already used, duplicate ignored
<argument> ...shipout:D \box_use:N \l_shipout_box 
                                                  \__shipout_drop_firstpage_...
l.469 
      ] [32
pdfTeX warning (ext4): destination with the same identifier (name{table.4.7}) has been already used, duplicate ignored
<argument> ...shipout:D \box_use:N \l_shipout_box 
                                                  \__shipout_drop_firstpage_...
l.509 \end{table}
                 ] [33
pdfTeX warning (ext4): destination with the same identifier (name{table.4.8}) has been already used, duplicate ignored
<argument> ...shipout:D \box_use:N \l_shipout_box 
                                                  \__shipout_drop_firstpage_...
l.517 M
       ocha has proven to be an invaluable asset to our project, significant...])
Underfull \vbox (badness 1112) has occurred while \output is active []

 [34] [35]
\openout2 = `design.aux'.

 (design.tex
Chapter 5.

LaTeX Warning: Citation `lin1991divergence' on page 36 undefined on input line 2.

<images/architecture.png, id=650, 313.9228pt x 213.79875pt>
File: images/architecture.png Graphic file (type png)
<use images/architecture.png>
Package pdftex.def Info: images/architecture.png  used on input line 24.
(pdftex.def)             Requested size: 313.92203pt x 213.79822pt.

LaTeX Warning: `h' float specifier changed to `ht'.

[36




]
Underfull \hbox (badness 10000) in paragraph at lines 43--45

 []

[37
pdfTeX warning (ext4): destination with the same identifier (name{figure.5.1}) has been already used, duplicate ignored
<argument> ...shipout:D \box_use:N \l_shipout_box 
                                                  \__shipout_drop_firstpage_...
l.45 
      <./images/architecture.png>]
<images/new-arch.png, id=664, 366.61969pt x 359.84438pt>
File: images/new-arch.png Graphic file (type png)
<use images/new-arch.png>
Package pdftex.def Info: images/new-arch.png  used on input line 49.
(pdftex.def)             Requested size: 366.61879pt x 359.84349pt.
 [38
pdfTeX warning (ext4): destination with the same identifier (name{figure.5.2}) has been already used, duplicate ignored
<argument> ...shipout:D \box_use:N \l_shipout_box 
                                                  \__shipout_drop_firstpage_...
l.60 \item{
           A.I Modules}: These modules are responsible for running analysis ... <./images/new-arch.png>]
Overfull \hbox (31.66402pt too wide) in paragraph at lines 64--65
[]\T1/cmr/m/n/12 Capabilities: Apache Spark is ca-pa-ble of per-form-ing lin-ear and log-i-cal regression[[]]
 []


Overfull \hbox (11.26758pt too wide) in paragraph at lines 65--66
[]\T1/cmr/m/n/12 Accessibility: Both tools are open-source and avail-able to the gen-eral public[[]]. 
 []

) [39]
\openout2 = `mlModels.aux'.

 (mlModels.tex
Chapter 6.
[40




]
<images/correlation.png, id=687, 647.5392pt x 682.9515pt>
File: images/correlation.png Graphic file (type png)
<use images/correlation.png>
Package pdftex.def Info: images/correlation.png  used on input line 46.
(pdftex.def)             Requested size: 418.25368pt x 441.13081pt.

Underfull \vbox (badness 10000) has occurred while \output is active []

 [41] [42
pdfTeX warning (ext4): destination with the same identifier (name{figure.6.1}) has been already used, duplicate ignored
<argument> ...shipout:D \box_use:N \l_shipout_box 
                                                  \__shipout_drop_firstpage_...
l.57     \item V
                isual Average Response Time and Sleep: A correlation of (0.2... <./images/correlation.png>] [43]) [44]
\openout2 = `conclusion.aux'.

 (conclusion.tex
Chapter 7.
) [45




]
\openout2 = `appendix.aux'.

 (appendix.tex

pdfTeX warning: pdflatex (file ./ethics_application.pdf): PDF inclusion: found PDF version <1.7>, but at most version <1.5> allowed
<ethics_application.pdf, id=712, 614.295pt x 794.97pt>
File: ethics_application.pdf Graphic file (type pdf)
<use ethics_application.pdf>
Package pdftex.def Info: ethics_application.pdf  used on input line 8.
(pdftex.def)             Requested size: 614.29349pt x 794.96806pt.


pdfTeX warning: pdflatex (file ./ethics_application.pdf): PDF inclusion: found PDF version <1.7>, but at most version <1.5> allowed
File: ethics_application.pdf Graphic file (type pdf)
<use ethics_application.pdf>
Package pdftex.def Info: ethics_application.pdf  used on input line 8.
(pdftex.def)             Requested size: 614.29349pt x 794.96806pt.


pdfTeX warning: pdflatex (file ./ethics_application.pdf): PDF inclusion: found PDF version <1.7>, but at most version <1.5> allowed


pdfTeX warning: pdflatex (file ./ethics_application.pdf): PDF inclusion: found PDF version <1.7>, but at most version <1.5> allowed
<ethics_application.pdf, id=715, page=1, 614.295pt x 794.97pt>
File: ethics_application.pdf Graphic file (type pdf)
<use ethics_application.pdf, page 1>
Package pdftex.def Info: ethics_application.pdf , page1 used on input line 8.
(pdftex.def)             Requested size: 614.29349pt x 794.96806pt.
File: ethics_application.pdf Graphic file (type pdf)
<use ethics_application.pdf, page 1>
Package pdftex.def Info: ethics_application.pdf , page1 used on input line 8.
(pdftex.def)             Requested size: 597.78697pt x 773.60669pt.
[46




]
File: ethics_application.pdf Graphic file (type pdf)
<use ethics_application.pdf, page 1>
Package pdftex.def Info: ethics_application.pdf , page1 used on input line 8.
(pdftex.def)             Requested size: 597.78697pt x 773.60669pt.
File: ethics_application.pdf Graphic file (type pdf)
<use ethics_application.pdf, page 1>
Package pdftex.def Info: ethics_application.pdf , page1 used on input line 8.
(pdftex.def)             Requested size: 597.78697pt x 773.60669pt.
File: ethics_application.pdf Graphic file (type pdf)
<use ethics_application.pdf, page 1>
Package pdftex.def Info: ethics_application.pdf , page1 used on input line 8.
(pdftex.def)             Requested size: 597.78697pt x 773.60669pt.
 [47

 <./ethics_application.pdf>]

pdfTeX warning: pdflatex (file ./ethics_application.pdf): PDF inclusion: found PDF version <1.7>, but at most version <1.5> allowed
<ethics_application.pdf, id=766, page=2, 614.295pt x 794.97pt>
File: ethics_application.pdf Graphic file (type pdf)
<use ethics_application.pdf, page 2>
Package pdftex.def Info: ethics_application.pdf , page2 used on input line 8.
(pdftex.def)             Requested size: 597.78697pt x 773.60669pt.
File: ethics_application.pdf Graphic file (type pdf)
<use ethics_application.pdf, page 2>
Package pdftex.def Info: ethics_application.pdf , page2 used on input line 8.
(pdftex.def)             Requested size: 597.78697pt x 773.60669pt.
File: ethics_application.pdf Graphic file (type pdf)
<use ethics_application.pdf, page 2>
Package pdftex.def Info: ethics_application.pdf , page2 used on input line 8.
(pdftex.def)             Requested size: 597.78697pt x 773.60669pt.
[48

 <./ethics_application.pdf>]

pdfTeX warning: pdflatex (file ./ethics_application.pdf): PDF inclusion: found PDF version <1.7>, but at most version <1.5> allowed
<ethics_application.pdf, id=771, page=3, 614.295pt x 794.97pt>
File: ethics_application.pdf Graphic file (type pdf)
<use ethics_application.pdf, page 3>
Package pdftex.def Info: ethics_application.pdf , page3 used on input line 8.
(pdftex.def)             Requested size: 597.78697pt x 773.60669pt.
File: ethics_application.pdf Graphic file (type pdf)
<use ethics_application.pdf, page 3>
Package pdftex.def Info: ethics_application.pdf , page3 used on input line 8.
(pdftex.def)             Requested size: 597.78697pt x 773.60669pt.
File: ethics_application.pdf Graphic file (type pdf)
<use ethics_application.pdf, page 3>
Package pdftex.def Info: ethics_application.pdf , page3 used on input line 8.
(pdftex.def)             Requested size: 597.78697pt x 773.60669pt.
[49

 <./ethics_application.pdf>]

pdfTeX warning: pdflatex (file ./ethics_application.pdf): PDF inclusion: found PDF version <1.7>, but at most version <1.5> allowed
<ethics_application.pdf, id=784, page=4, 614.295pt x 794.97pt>
File: ethics_application.pdf Graphic file (type pdf)
<use ethics_application.pdf, page 4>
Package pdftex.def Info: ethics_application.pdf , page4 used on input line 8.
(pdftex.def)             Requested size: 597.78697pt x 773.60669pt.
File: ethics_application.pdf Graphic file (type pdf)
<use ethics_application.pdf, page 4>
Package pdftex.def Info: ethics_application.pdf , page4 used on input line 8.
(pdftex.def)             Requested size: 597.78697pt x 773.60669pt.
File: ethics_application.pdf Graphic file (type pdf)
<use ethics_application.pdf, page 4>
Package pdftex.def Info: ethics_application.pdf , page4 used on input line 8.
(pdftex.def)             Requested size: 597.78697pt x 773.60669pt.
[50

 <./ethics_application.pdf>]

pdfTeX warning: pdflatex (file ./ethics_application.pdf): PDF inclusion: found PDF version <1.7>, but at most version <1.5> allowed
<ethics_application.pdf, id=789, page=5, 614.295pt x 794.97pt>
File: ethics_application.pdf Graphic file (type pdf)
<use ethics_application.pdf, page 5>
Package pdftex.def Info: ethics_application.pdf , page5 used on input line 8.
(pdftex.def)             Requested size: 597.78697pt x 773.60669pt.
File: ethics_application.pdf Graphic file (type pdf)
<use ethics_application.pdf, page 5>
Package pdftex.def Info: ethics_application.pdf , page5 used on input line 8.
(pdftex.def)             Requested size: 597.78697pt x 773.60669pt.
File: ethics_application.pdf Graphic file (type pdf)
<use ethics_application.pdf, page 5>
Package pdftex.def Info: ethics_application.pdf , page5 used on input line 8.
(pdftex.def)             Requested size: 597.78697pt x 773.60669pt.
[51

 <./ethics_application.pdf>]

pdfTeX warning: pdflatex (file ./ethics_application.pdf): PDF inclusion: found PDF version <1.7>, but at most version <1.5> allowed
<ethics_application.pdf, id=795, page=6, 614.295pt x 794.97pt>
File: ethics_application.pdf Graphic file (type pdf)
<use ethics_application.pdf, page 6>
Package pdftex.def Info: ethics_application.pdf , page6 used on input line 8.
(pdftex.def)             Requested size: 597.78697pt x 773.60669pt.
File: ethics_application.pdf Graphic file (type pdf)
<use ethics_application.pdf, page 6>
Package pdftex.def Info: ethics_application.pdf , page6 used on input line 8.
(pdftex.def)             Requested size: 597.78697pt x 773.60669pt.
File: ethics_application.pdf Graphic file (type pdf)
<use ethics_application.pdf, page 6>
Package pdftex.def Info: ethics_application.pdf , page6 used on input line 8.
(pdftex.def)             Requested size: 597.78697pt x 773.60669pt.
[52

 <./ethics_application.pdf>]

pdfTeX warning: pdflatex (file ./ethics_application.pdf): PDF inclusion: found PDF version <1.7>, but at most version <1.5> allowed
<ethics_application.pdf, id=800, page=7, 614.295pt x 794.97pt>
File: ethics_application.pdf Graphic file (type pdf)
<use ethics_application.pdf, page 7>
Package pdftex.def Info: ethics_application.pdf , page7 used on input line 8.
(pdftex.def)             Requested size: 597.78697pt x 773.60669pt.
File: ethics_application.pdf Graphic file (type pdf)
<use ethics_application.pdf, page 7>
Package pdftex.def Info: ethics_application.pdf , page7 used on input line 8.
(pdftex.def)             Requested size: 597.78697pt x 773.60669pt.
File: ethics_application.pdf Graphic file (type pdf)
<use ethics_application.pdf, page 7>
Package pdftex.def Info: ethics_application.pdf , page7 used on input line 8.
(pdftex.def)             Requested size: 597.78697pt x 773.60669pt.
[53

 <./ethics_application.pdf>]

pdfTeX warning: pdflatex (file ./ethics_application.pdf): PDF inclusion: found PDF version <1.7>, but at most version <1.5> allowed
<ethics_application.pdf, id=829, page=8, 614.295pt x 794.97pt>
File: ethics_application.pdf Graphic file (type pdf)
<use ethics_application.pdf, page 8>
Package pdftex.def Info: ethics_application.pdf , page8 used on input line 8.
(pdftex.def)             Requested size: 597.78697pt x 773.60669pt.
File: ethics_application.pdf Graphic file (type pdf)
<use ethics_application.pdf, page 8>
Package pdftex.def Info: ethics_application.pdf , page8 used on input line 8.
(pdftex.def)             Requested size: 597.78697pt x 773.60669pt.
File: ethics_application.pdf Graphic file (type pdf)
<use ethics_application.pdf, page 8>
Package pdftex.def Info: ethics_application.pdf , page8 used on input line 8.
(pdftex.def)             Requested size: 597.78697pt x 773.60669pt.
[54

 <./ethics_application.pdf>]

pdfTeX warning: pdflatex (file ./ethics_application.pdf): PDF inclusion: found PDF version <1.7>, but at most version <1.5> allowed
<ethics_application.pdf, id=850, page=9, 614.295pt x 794.97pt>
File: ethics_application.pdf Graphic file (type pdf)
<use ethics_application.pdf, page 9>
Package pdftex.def Info: ethics_application.pdf , page9 used on input line 8.
(pdftex.def)             Requested size: 597.78697pt x 773.60669pt.
File: ethics_application.pdf Graphic file (type pdf)
<use ethics_application.pdf, page 9>
Package pdftex.def Info: ethics_application.pdf , page9 used on input line 8.
(pdftex.def)             Requested size: 597.78697pt x 773.60669pt.
File: ethics_application.pdf Graphic file (type pdf)
<use ethics_application.pdf, page 9>
Package pdftex.def Info: ethics_application.pdf , page9 used on input line 8.
(pdftex.def)             Requested size: 597.78697pt x 773.60669pt.
[55

 <./ethics_application.pdf>]

pdfTeX warning: pdflatex (file ./ethics_application.pdf): PDF inclusion: found PDF version <1.7>, but at most version <1.5> allowed
<ethics_application.pdf, id=856, page=10, 614.295pt x 794.97pt>
File: ethics_application.pdf Graphic file (type pdf)
<use ethics_application.pdf, page 10>
Package pdftex.def Info: ethics_application.pdf , page10 used on input line 8.
(pdftex.def)             Requested size: 597.78697pt x 773.60669pt.
File: ethics_application.pdf Graphic file (type pdf)
<use ethics_application.pdf, page 10>
Package pdftex.def Info: ethics_application.pdf , page10 used on input line 8.
(pdftex.def)             Requested size: 597.78697pt x 773.60669pt.
File: ethics_application.pdf Graphic file (type pdf)
<use ethics_application.pdf, page 10>
Package pdftex.def Info: ethics_application.pdf , page10 used on input line 8.
(pdftex.def)             Requested size: 597.78697pt x 773.60669pt.
[56

 <./ethics_application.pdf>]

pdfTeX warning: pdflatex (file ./ethics_application.pdf): PDF inclusion: found PDF version <1.7>, but at most version <1.5> allowed
<ethics_application.pdf, id=861, page=11, 614.295pt x 794.97pt>
File: ethics_application.pdf Graphic file (type pdf)
<use ethics_application.pdf, page 11>
Package pdftex.def Info: ethics_application.pdf , page11 used on input line 8.
(pdftex.def)             Requested size: 597.78697pt x 773.60669pt.
File: ethics_application.pdf Graphic file (type pdf)
<use ethics_application.pdf, page 11>
Package pdftex.def Info: ethics_application.pdf , page11 used on input line 8.
(pdftex.def)             Requested size: 597.78697pt x 773.60669pt.
File: ethics_application.pdf Graphic file (type pdf)
<use ethics_application.pdf, page 11>
Package pdftex.def Info: ethics_application.pdf , page11 used on input line 8.
(pdftex.def)             Requested size: 597.78697pt x 773.60669pt.
[57

 <./ethics_application.pdf>]

pdfTeX warning: pdflatex (file ./ethics_application.pdf): PDF inclusion: found PDF version <1.7>, but at most version <1.5> allowed
<ethics_application.pdf, id=867, page=12, 614.295pt x 794.97pt>
File: ethics_application.pdf Graphic file (type pdf)
<use ethics_application.pdf, page 12>
Package pdftex.def Info: ethics_application.pdf , page12 used on input line 8.
(pdftex.def)             Requested size: 597.78697pt x 773.60669pt.
File: ethics_application.pdf Graphic file (type pdf)
<use ethics_application.pdf, page 12>
Package pdftex.def Info: ethics_application.pdf , page12 used on input line 8.
(pdftex.def)             Requested size: 597.78697pt x 773.60669pt.
File: ethics_application.pdf Graphic file (type pdf)
<use ethics_application.pdf, page 12>
Package pdftex.def Info: ethics_application.pdf , page12 used on input line 8.
(pdftex.def)             Requested size: 597.78697pt x 773.60669pt.
[58

 <./ethics_application.pdf>]

pdfTeX warning: pdflatex (file ./ethics_application.pdf): PDF inclusion: found PDF version <1.7>, but at most version <1.5> allowed
<ethics_application.pdf, id=872, page=13, 614.295pt x 794.97pt>
File: ethics_application.pdf Graphic file (type pdf)
<use ethics_application.pdf, page 13>
Package pdftex.def Info: ethics_application.pdf , page13 used on input line 8.
(pdftex.def)             Requested size: 597.78697pt x 773.60669pt.
File: ethics_application.pdf Graphic file (type pdf)
<use ethics_application.pdf, page 13>
Package pdftex.def Info: ethics_application.pdf , page13 used on input line 8.
(pdftex.def)             Requested size: 597.78697pt x 773.60669pt.
File: ethics_application.pdf Graphic file (type pdf)
<use ethics_application.pdf, page 13>
Package pdftex.def Info: ethics_application.pdf , page13 used on input line 8.
(pdftex.def)             Requested size: 597.78697pt x 773.60669pt.
[59

 <./ethics_application.pdf>]

pdfTeX warning: pdflatex (file ./ethics_application.pdf): PDF inclusion: found PDF version <1.7>, but at most version <1.5> allowed
<ethics_application.pdf, id=885, page=14, 614.295pt x 794.97pt>
File: ethics_application.pdf Graphic file (type pdf)
<use ethics_application.pdf, page 14>
Package pdftex.def Info: ethics_application.pdf , page14 used on input line 8.
(pdftex.def)             Requested size: 597.78697pt x 773.60669pt.
File: ethics_application.pdf Graphic file (type pdf)
<use ethics_application.pdf, page 14>
Package pdftex.def Info: ethics_application.pdf , page14 used on input line 8.
(pdftex.def)             Requested size: 597.78697pt x 773.60669pt.
File: ethics_application.pdf Graphic file (type pdf)
<use ethics_application.pdf, page 14>
Package pdftex.def Info: ethics_application.pdf , page14 used on input line 8.
(pdftex.def)             Requested size: 597.78697pt x 773.60669pt.
[60

 <./ethics_application.pdf>]

pdfTeX warning: pdflatex (file ./ethics_application.pdf): PDF inclusion: found PDF version <1.7>, but at most version <1.5> allowed
<ethics_application.pdf, id=890, page=15, 614.295pt x 794.97pt>
File: ethics_application.pdf Graphic file (type pdf)
<use ethics_application.pdf, page 15>
Package pdftex.def Info: ethics_application.pdf , page15 used on input line 8.
(pdftex.def)             Requested size: 597.78697pt x 773.60669pt.
File: ethics_application.pdf Graphic file (type pdf)
<use ethics_application.pdf, page 15>
Package pdftex.def Info: ethics_application.pdf , page15 used on input line 8.
(pdftex.def)             Requested size: 597.78697pt x 773.60669pt.
File: ethics_application.pdf Graphic file (type pdf)
<use ethics_application.pdf, page 15>
Package pdftex.def Info: ethics_application.pdf , page15 used on input line 8.
(pdftex.def)             Requested size: 597.78697pt x 773.60669pt.
[61

 <./ethics_application.pdf>]

pdfTeX warning: pdflatex (file ./ethics_application.pdf): PDF inclusion: found PDF version <1.7>, but at most version <1.5> allowed
<ethics_application.pdf, id=895, page=16, 614.295pt x 794.97pt>
File: ethics_application.pdf Graphic file (type pdf)
<use ethics_application.pdf, page 16>
Package pdftex.def Info: ethics_application.pdf , page16 used on input line 8.
(pdftex.def)             Requested size: 597.78697pt x 773.60669pt.
File: ethics_application.pdf Graphic file (type pdf)
<use ethics_application.pdf, page 16>
Package pdftex.def Info: ethics_application.pdf , page16 used on input line 8.
(pdftex.def)             Requested size: 597.78697pt x 773.60669pt.
File: ethics_application.pdf Graphic file (type pdf)
<use ethics_application.pdf, page 16>
Package pdftex.def Info: ethics_application.pdf , page16 used on input line 8.
(pdftex.def)             Requested size: 597.78697pt x 773.60669pt.
[62

 <./ethics_application.pdf>]

pdfTeX warning: pdflatex (file ./ethics_application.pdf): PDF inclusion: found PDF version <1.7>, but at most version <1.5> allowed
<ethics_application.pdf, id=900, page=17, 614.295pt x 794.97pt>
File: ethics_application.pdf Graphic file (type pdf)
<use ethics_application.pdf, page 17>
Package pdftex.def Info: ethics_application.pdf , page17 used on input line 8.
(pdftex.def)             Requested size: 597.78697pt x 773.60669pt.
File: ethics_application.pdf Graphic file (type pdf)
<use ethics_application.pdf, page 17>
Package pdftex.def Info: ethics_application.pdf , page17 used on input line 8.
(pdftex.def)             Requested size: 597.78697pt x 773.60669pt.
File: ethics_application.pdf Graphic file (type pdf)
<use ethics_application.pdf, page 17>
Package pdftex.def Info: ethics_application.pdf , page17 used on input line 8.
(pdftex.def)             Requested size: 597.78697pt x 773.60669pt.
[63

 <./ethics_application.pdf>]

pdfTeX warning: pdflatex (file ./volunteer_recruitment.pdf): PDF inclusion: found PDF version <1.7>, but at most version <1.5> allowed
<volunteer_recruitment.pdf, id=906, 614.295pt x 794.97pt>
File: volunteer_recruitment.pdf Graphic file (type pdf)
<use volunteer_recruitment.pdf>
Package pdftex.def Info: volunteer_recruitment.pdf  used on input line 14.
(pdftex.def)             Requested size: 614.29349pt x 794.96806pt.


pdfTeX warning: pdflatex (file ./volunteer_recruitment.pdf): PDF inclusion: found PDF version <1.7>, but at most version <1.5> allowed
File: volunteer_recruitment.pdf Graphic file (type pdf)
<use volunteer_recruitment.pdf>
Package pdftex.def Info: volunteer_recruitment.pdf  used on input line 14.
(pdftex.def)             Requested size: 614.29349pt x 794.96806pt.


pdfTeX warning: pdflatex (file ./volunteer_recruitment.pdf): PDF inclusion: found PDF version <1.7>, but at most version <1.5> allowed


pdfTeX warning: pdflatex (file ./volunteer_recruitment.pdf): PDF inclusion: found PDF version <1.7>, but at most version <1.5> allowed
<volunteer_recruitment.pdf, id=909, page=1, 614.295pt x 794.97pt>
File: volunteer_recruitment.pdf Graphic file (type pdf)
<use volunteer_recruitment.pdf, page 1>
Package pdftex.def Info: volunteer_recruitment.pdf , page1 used on input line 14.
(pdftex.def)             Requested size: 614.29349pt x 794.96806pt.
File: volunteer_recruitment.pdf Graphic file (type pdf)
<use volunteer_recruitment.pdf, page 1>
Package pdftex.def Info: volunteer_recruitment.pdf , page1 used on input line 14.
(pdftex.def)             Requested size: 597.78697pt x 773.60669pt.
[64]
File: volunteer_recruitment.pdf Graphic file (type pdf)
<use volunteer_recruitment.pdf, page 1>
Package pdftex.def Info: volunteer_recruitment.pdf , page1 used on input line 14.
(pdftex.def)             Requested size: 597.78697pt x 773.60669pt.
File: volunteer_recruitment.pdf Graphic file (type pdf)
<use volunteer_recruitment.pdf, page 1>
Package pdftex.def Info: volunteer_recruitment.pdf , page1 used on input line 14.
(pdftex.def)             Requested size: 597.78697pt x 773.60669pt.
File: volunteer_recruitment.pdf Graphic file (type pdf)
<use volunteer_recruitment.pdf, page 1>
Package pdftex.def Info: volunteer_recruitment.pdf , page1 used on input line 14.
(pdftex.def)             Requested size: 597.78697pt x 773.60669pt.
 [65

 <./volunteer_recruitment.pdf>]

pdfTeX warning: pdflatex (file ./volunteer_recruitment.pdf): PDF inclusion: found PDF version <1.7>, but at most version <1.5> allowed
<volunteer_recruitment.pdf, id=919, page=2, 614.295pt x 794.97pt>
File: volunteer_recruitment.pdf Graphic file (type pdf)
<use volunteer_recruitment.pdf, page 2>
Package pdftex.def Info: volunteer_recruitment.pdf , page2 used on input line 14.
(pdftex.def)             Requested size: 597.78697pt x 773.60669pt.
File: volunteer_recruitment.pdf Graphic file (type pdf)
<use volunteer_recruitment.pdf, page 2>
Package pdftex.def Info: volunteer_recruitment.pdf , page2 used on input line 14.
(pdftex.def)             Requested size: 597.78697pt x 773.60669pt.
File: volunteer_recruitment.pdf Graphic file (type pdf)
<use volunteer_recruitment.pdf, page 2>
Package pdftex.def Info: volunteer_recruitment.pdf , page2 used on input line 14.
(pdftex.def)             Requested size: 597.78697pt x 773.60669pt.
[66

 <./volunteer_recruitment.pdf>]

pdfTeX warning: pdflatex (file ./volunteer_recruitment.pdf): PDF inclusion: found PDF version <1.7>, but at most version <1.5> allowed
<volunteer_recruitment.pdf, id=924, page=3, 614.295pt x 794.97pt>
File: volunteer_recruitment.pdf Graphic file (type pdf)
<use volunteer_recruitment.pdf, page 3>
Package pdftex.def Info: volunteer_recruitment.pdf , page3 used on input line 14.
(pdftex.def)             Requested size: 597.78697pt x 773.60669pt.
File: volunteer_recruitment.pdf Graphic file (type pdf)
<use volunteer_recruitment.pdf, page 3>
Package pdftex.def Info: volunteer_recruitment.pdf , page3 used on input line 14.
(pdftex.def)             Requested size: 597.78697pt x 773.60669pt.
File: volunteer_recruitment.pdf Graphic file (type pdf)
<use volunteer_recruitment.pdf, page 3>
Package pdftex.def Info: volunteer_recruitment.pdf , page3 used on input line 14.
(pdftex.def)             Requested size: 597.78697pt x 773.60669pt.
[67

 <./volunteer_recruitment.pdf>]) (index.bbl [68



]
LaTeX Font Info:    Trying to load font information for T1+cmtt on input line 79.
 (C:\Users\rodri\AppData\Local\Programs\MiKTeX\tex/latex/base\t1cmtt.fd
File: t1cmtt.fd 2023/04/13 v2.5m Standard LaTeX font definitions
)
Overfull \hbox (14.34505pt too wide) in paragraph at lines 142--144
[][]$\T1/cmtt/m/n/12 https : / / spark . apache . org / docs / latest / ml-[]classification-[]regression .
 []

[69]
Underfull \hbox (badness 10000) in paragraph at lines 153--155
[][]$\T1/cmtt/m/n/12 https : / / www . databricks . com / blog / 2016 / 01 / 25 /
 []


Underfull \hbox (badness 10000) in paragraph at lines 153--155
\T1/cmtt/m/n/12 deep-[]learning-[]with-[]apache-[]spark-[]and-[]tensorflow . html$[]\T1/cmr/m/n/12 .  Apache
 []

) [70] (index.aux (abstract.aux) (introduction.aux) (methodology.aux) (review.aux) (design.aux) (mlModels.aux) (conclusion.aux) (appendix.aux))
 ***********
LaTeX2e <2023-06-01> patch level 1
L3 programming layer <2023-08-29>
 ***********


LaTeX Font Warning: Size substitutions with differences
(Font)              up to 1.26pt have occurred.


LaTeX Font Warning: Some font shapes were not available, defaults substituted.


LaTeX Warning: There were undefined references.

Package rerunfilecheck Info: File `index.out' has not changed.
(rerunfilecheck)             Checksum: 56B2EE3F3648928F886E356176009593;8420.
 ) 
Here is how much of TeX's memory you used:
 26527 strings out of 475248
 490272 string characters out of 5757812
 1933785 words of memory out of 5000000
 47255 multiletter control sequences out of 15000+600000
 594933 words of font info for 76 fonts, out of 8000000 for 9000
 1141 hyphenation exceptions out of 8191
 102i,17n,107p,1042b,735s stack positions out of 10000i,1000n,20000p,200000b,200000s
 <C:\Users\rodri\AppData\Local\MiKTeX\fonts/pk/ljfour/jknappen/ec/dpi600\ectt1200.pk> <C:\Users\rodri\AppData\Local\MiKTeX\fonts/pk/ljfour/jknappen/ec/dpi600\ecti1200.pk> <C:\Users\rodri\AppData\Local\MiKTeX\fonts/pk/ljfour/jknappen/ec/dpi600\ecrm0800.pk> <C:\Users\rodri\AppData\Local\MiKTeX\fonts/pk/ljfour/jknappen/ec/dpi600\tcrm1200.pk> <C:\Users\rodri\AppData\Local\MiKTeX\fonts/pk/ljfour/jknappen/ec/dpi600\ecbx1440.pk> <C:\Users\rodri\AppData\Local\MiKTeX\fonts/pk/ljfour/jknappen/ec/dpi600\ecbx1728.pk> <C:\Users\rodri\AppData\Local\MiKTeX\fonts/pk/ljfour/jknappen/ec/dpi600\ecrm1200.pk> <C:\Users\rodri\AppData\Local\MiKTeX\fonts/pk/ljfour/jknappen/ec/dpi600\ecbx1200.pk> <C:\Users\rodri\AppData\Local\MiKTeX\fonts/pk/ljfour/jknappen/ec/dpi600\ecbx2488.pk> <C:\Users\rodri\AppData\Local\MiKTeX\fonts/pk/ljfour/jknappen/ec/dpi600\ecss2074.pk><C:/Users/rodri/AppData/Local/Programs/MiKTeX/fonts/type1/bera/fvsb8a.pfb><C:/Users/rodri/AppData/Local/Programs/MiKTeX/fonts/type1/bera/fvsr8a.pfb>
Output written on index.pdf (74 pages, 2826504 bytes).
PDF statistics:
 1439 PDF objects out of 1440 (max. 8388607)
 213 named destinations out of 1000 (max. 500000)
 702 words of extra memory for PDF output out of 10000 (max. 10000000)

